This is pdfTeX, Version 3.14159265-2.6-1.40.20 (MiKTeX 2.9.7200 64-bit) (preloaded format=pdflatex 2019.11.11)  9 DEC 2019 13:53
entering extended mode
**./Thesis.tex
(Thesis.tex
LaTeX2e <2019-10-01> patch level 2
(Template/kthlatex-0.2rc4/kththesis/kththesis.cls

LaTeX Warning: You have requested document class `Template/kthlatex-0.2rc4/ktht
hesis/kththesis',
               but the document class provides `kththesis'.

Document Class: kththesis 2018/04/26 KTH Thesis formatting
("C:\Program Files\MiKTeX 2.9\tex/latex/base\report.cls"
Document Class: report 2019/10/25 v1.4k Standard LaTeX document class
("C:\Program Files\MiKTeX 2.9\tex/latex/base\size12.clo"
File: size12.clo 2019/10/25 v1.4k Standard LaTeX file (size option)
)
\c@part=\count80
\c@chapter=\count81
\c@section=\count82
\c@subsection=\count83
\c@subsubsection=\count84
\c@paragraph=\count85
\c@subparagraph=\count86
\c@figure=\count87
\c@table=\count88
\abovecaptionskip=\skip41
\belowcaptionskip=\skip42
\bibindent=\dimen102
)
(C:\Users\kalle\AppData\Roaming\MiKTeX\2.9\tex/generic/iftex\ifxetex.sty
Package: ifxetex 2019/10/25 v0.7 ifxetex legacy package. Use iftex instead.

(C:\Users\kalle\AppData\Roaming\MiKTeX\2.9\tex/generic/iftex\iftex.sty
Package: iftex 2019/11/07 v1.0c TeX engine tests
))
(C:\Users\kalle\AppData\Roaming\MiKTeX\2.9\tex/generic/iftex\ifluatex.sty
Package: ifluatex 2019/10/25 v1.5 ifluatex legacy package. Use iftex instead.
)
("C:\Program Files\MiKTeX 2.9\tex/latex/base\inputenc.sty"
Package: inputenc 2018/08/11 v1.3c Input encoding file
\inpenc@prehook=\toks14
\inpenc@posthook=\toks15
)
("C:\Program Files\MiKTeX 2.9\tex/generic/babel\babel.sty"
Package: babel 2019/10/15 3.35 The Babel package

("C:\Program Files\MiKTeX 2.9\tex/generic/babel\switch.def"
File: switch.def 2019/10/15 3.35 Babel switching mechanism
)
*************************************
* Local config file bblopts.cfg used
*
(C:\Users\kalle\AppData\Roaming\MiKTeX\2.9\tex/latex/arabi\bblopts.cfg
File: bblopts.cfg 2005/09/08 v0.1 add Arabic and Farsi to "declared" options of
 babel
)
(C:\Users\kalle\AppData\Roaming\MiKTeX\2.9\tex/latex/babel-swedish\swedish.ldf
Language: swedish 2005/03/31 v2.3d Swedish support from the babel system

("C:\Program Files\MiKTeX 2.9\tex/generic/babel\babel.def"
File: babel.def 2019/10/15 3.35 Babel common definitions
\babel@savecnt=\count89
\U@D=\dimen103

("C:\Program Files\MiKTeX 2.9\tex/generic/babel\txtbabel.def")
\bbl@dirlevel=\count90
)
Package babel Info: Making " an active character on input line 90.
)
("C:\Program Files\MiKTeX 2.9\tex/latex/babel-english\english.ldf"
Language: english 2017/06/06 v3.3r English support from the babel system
\l@canadian = a dialect from \language\l@american 
\l@australian = a dialect from \language\l@british 
\l@newzealand = a dialect from \language\l@british 
))
("C:\Program Files\MiKTeX 2.9\tex/latex/geometry\geometry.sty"
Package: geometry 2018/04/16 v5.8 Page Geometry

("C:\Program Files\MiKTeX 2.9\tex/latex/graphics\keyval.sty"
Package: keyval 2014/10/28 v1.15 key=value parser (DPC)
\KV@toks@=\toks16
)
(C:\Users\kalle\AppData\Roaming\MiKTeX\2.9\tex/generic/iftex\ifpdf.sty
Package: ifpdf 2019/10/25 v3.4 ifpdf legacy package. Use iftex instead.
)
(C:\Users\kalle\AppData\Roaming\MiKTeX\2.9\tex/generic/iftex\ifvtex.sty
Package: ifvtex 2019/10/25 v1.7 ifvtex legacy package. Use iftex instead.
)
\Gm@cnth=\count91
\Gm@cntv=\count92
\c@Gm@tempcnt=\count93
\Gm@bindingoffset=\dimen104
\Gm@wd@mp=\dimen105
\Gm@odd@mp=\dimen106
\Gm@even@mp=\dimen107
\Gm@layoutwidth=\dimen108
\Gm@layoutheight=\dimen109
\Gm@layouthoffset=\dimen110
\Gm@layoutvoffset=\dimen111
\Gm@dimlist=\toks17

("C:\Program Files\MiKTeX 2.9\tex/latex/geometry\geometry.cfg"))
(C:\Users\kalle\AppData\Roaming\MiKTeX\2.9\tex/latex/fancyhdr\fancyhdr.sty
Package: fancyhdr 2019/01/31 v3.10 Extensive control of page headers and footer
s
\f@nch@headwidth=\skip43
\f@nch@O@elh=\skip44
\f@nch@O@erh=\skip45
\f@nch@O@olh=\skip46
\f@nch@O@orh=\skip47
\f@nch@O@elf=\skip48
\f@nch@O@erf=\skip49
\f@nch@O@olf=\skip50
\f@nch@O@orf=\skip51
)
(C:\Users\kalle\AppData\Roaming\MiKTeX\2.9\tex/latex/emptypage\emptypage.sty
Package: emptypage 2010/05/30 v1.2 Suppress page numbers and headings on empty 
pages
)
(C:\Users\kalle\AppData\Roaming\MiKTeX\2.9\tex/latex/pdfpages\pdfpages.sty
Package: pdfpages 2019/09/21 v0.5n Insert pages of external PDF documents (AM)

("C:\Program Files\MiKTeX 2.9\tex/latex/base\ifthen.sty"
Package: ifthen 2014/09/29 v1.1c Standard LaTeX ifthen package (DPC)
)
("C:\Program Files\MiKTeX 2.9\tex/latex/tools\calc.sty"
Package: calc 2017/05/25 v4.3 Infix arithmetic (KKT,FJ)
\calc@Acount=\count94
\calc@Bcount=\count95
\calc@Adimen=\dimen112
\calc@Bdimen=\dimen113
\calc@Askip=\skip52
\calc@Bskip=\skip53
LaTeX Info: Redefining \setlength on input line 80.
LaTeX Info: Redefining \addtolength on input line 81.
\calc@Ccount=\count96
\calc@Cskip=\skip54
)
(C:\Users\kalle\AppData\Roaming\MiKTeX\2.9\tex/latex/eso-pic\eso-pic.sty
Package: eso-pic 2018/04/12 v2.0h eso-pic (RN)

("C:\Program Files\MiKTeX 2.9\tex/generic/oberdiek\atbegshi.sty"
Package: atbegshi 2016/06/09 v1.18 At begin shipout hook (HO)

("C:\Program Files\MiKTeX 2.9\tex/generic/oberdiek\infwarerr.sty"
Package: infwarerr 2016/05/16 v1.4 Providing info/warning/error messages (HO)
)
("C:\Program Files\MiKTeX 2.9\tex/generic/oberdiek\ltxcmds.sty"
Package: ltxcmds 2016/05/16 v1.23 LaTeX kernel commands for general use (HO)
))
(C:\Users\kalle\AppData\Roaming\MiKTeX\2.9\tex/latex/xcolor\xcolor.sty
Package: xcolor 2016/05/11 v2.12 LaTeX color extensions (UK)

("C:\Program Files\MiKTeX 2.9\tex/latex/graphics-cfg\color.cfg"
File: color.cfg 2016/01/02 v1.6 sample color configuration
)
Package xcolor Info: Driver file: pdftex.def on input line 225.

("C:\Program Files\MiKTeX 2.9\tex/latex/graphics-def\pdftex.def"
File: pdftex.def 2018/01/08 v1.0l Graphics/color driver for pdftex
)
Package xcolor Info: Model `cmy' substituted by `cmy0' on input line 1348.
Package xcolor Info: Model `hsb' substituted by `rgb' on input line 1352.
Package xcolor Info: Model `RGB' extended on input line 1364.
Package xcolor Info: Model `HTML' substituted by `rgb' on input line 1366.
Package xcolor Info: Model `Hsb' substituted by `hsb' on input line 1367.
Package xcolor Info: Model `tHsb' substituted by `hsb' on input line 1368.
Package xcolor Info: Model `HSB' substituted by `hsb' on input line 1369.
Package xcolor Info: Model `Gray' substituted by `gray' on input line 1370.
Package xcolor Info: Model `wave' substituted by `hsb' on input line 1371.
))
("C:\Program Files\MiKTeX 2.9\tex/latex/graphics\graphicx.sty"
Package: graphicx 2017/06/01 v1.1a Enhanced LaTeX Graphics (DPC,SPQR)

("C:\Program Files\MiKTeX 2.9\tex/latex/graphics\graphics.sty"
Package: graphics 2019/11/01 v1.3d Standard LaTeX Graphics (DPC,SPQR)

("C:\Program Files\MiKTeX 2.9\tex/latex/graphics\trig.sty"
Package: trig 2016/01/03 v1.10 sin cos tan (DPC)
)
("C:\Program Files\MiKTeX 2.9\tex/latex/graphics-cfg\graphics.cfg"
File: graphics.cfg 2016/06/04 v1.11 sample graphics configuration
)
Package graphics Info: Driver file: pdftex.def on input line 105.
)
\Gin@req@height=\dimen114
\Gin@req@width=\dimen115
)
\AM@pagewidth=\dimen116
\AM@pageheight=\dimen117

(C:\Users\kalle\AppData\Roaming\MiKTeX\2.9\tex/latex/pdfpages\pppdftex.def
File: pppdftex.def 2019/09/21 v0.5n Pdfpages driver for pdfTeX (AM)
)
\AM@pagebox=\box27
\AM@global@opts=\toks18
\AM@toc@title=\toks19
\c@AM@survey=\count97
\AM@templatesizebox=\box28
)
(C:\Users\kalle\AppData\Roaming\MiKTeX\2.9\tex/latex/titlesec\titlesec.sty
Package: titlesec 2019/10/16 v2.13 Sectioning titles
\ttl@box=\box29
\beforetitleunit=\skip55
\aftertitleunit=\skip56
\ttl@plus=\dimen118
\ttl@minus=\dimen119
\ttl@toksa=\toks20
\titlewidth=\dimen120
\titlewidthlast=\dimen121
\titlewidthfirst=\dimen122
)
("C:\Program Files\MiKTeX 2.9\tex/latex/base\fontenc.sty"
Package: fontenc 2018/08/11 v2.0j Standard LaTeX package

("C:\Program Files\MiKTeX 2.9\tex/latex/base\t1enc.def"
File: t1enc.def 2018/08/11 v2.0j Standard LaTeX file
LaTeX Font Info:    Redeclaring font encoding T1 on input line 48.
))
(C:\Users\kalle\AppData\Roaming\MiKTeX\2.9\tex/latex/tex-gyre\tgtermes.sty
Package: tgtermes 2009/09/27 v1.2 TeX Gyre Termes as default roman family

("C:\Program Files\MiKTeX 2.9\tex/latex/oberdiek\kvoptions.sty"
Package: kvoptions 2016/05/16 v3.12 Key value format for package options (HO)

("C:\Program Files\MiKTeX 2.9\tex/generic/oberdiek\kvsetkeys.sty"
Package: kvsetkeys 2016/05/16 v1.17 Key value parser (HO)

("C:\Program Files\MiKTeX 2.9\tex/generic/oberdiek\etexcmds.sty"
Package: etexcmds 2016/05/16 v1.6 Avoid name clashes with e-TeX commands (HO)
))))
(C:\Users\kalle\AppData\Roaming\MiKTeX\2.9\tex/latex/tex-gyre\tgheros.sty
Package: tgheros 2009/09/27 v1.2 TeX Gyre Heros as default sans serif family
)
(C:\Users\kalle\AppData\Roaming\MiKTeX\2.9\tex/latex/tex-gyre\tgcursor.sty
Package: tgcursor 2009/09/10 v1.2 TeX Gyre Cursor as default typewriter family
))
(C:\Users\kalle\AppData\Roaming\MiKTeX\2.9\tex/latex/cjk\CJK.sty
Package: CJK 2015/04/18 4.8.4

(C:\Users\kalle\AppData\Roaming\MiKTeX\2.9\tex/latex/cjk/mule\MULEenc.sty
Package: MULEenc 2015/04/18 4.8.4
)
(C:\Users\kalle\AppData\Roaming\MiKTeX\2.9\tex/latex/cjk\CJK.enc
File: CJK.enc 2015/04/18 4.8.4
Now handling font encoding C00 ...
... no UTF-8 mapping file for font encoding C00
Now handling font encoding C05 ...
... no UTF-8 mapping file for font encoding C05
Now handling font encoding C09 ...
... no UTF-8 mapping file for font encoding C09
Now handling font encoding C10 ...
... no UTF-8 mapping file for font encoding C10
Now handling font encoding C20 ...
... no UTF-8 mapping file for font encoding C20
Now handling font encoding C19 ...
... no UTF-8 mapping file for font encoding C19
Now handling font encoding C40 ...
... no UTF-8 mapping file for font encoding C40
Now handling font encoding C42 ...
... no UTF-8 mapping file for font encoding C42
Now handling font encoding C43 ...
... no UTF-8 mapping file for font encoding C43
Now handling font encoding C50 ...
... no UTF-8 mapping file for font encoding C50
Now handling font encoding C52 ...
... no UTF-8 mapping file for font encoding C52
Now handling font encoding C49 ...
... no UTF-8 mapping file for font encoding C49
Now handling font encoding C60 ...
... no UTF-8 mapping file for font encoding C60
Now handling font encoding C61 ...
... no UTF-8 mapping file for font encoding C61
Now handling font encoding C63 ...
... no UTF-8 mapping file for font encoding C63
Now handling font encoding C64 ...
... no UTF-8 mapping file for font encoding C64
Now handling font encoding C65 ...
... no UTF-8 mapping file for font encoding C65
Now handling font encoding C70 ...
... no UTF-8 mapping file for font encoding C70
Now handling font encoding C31 ...
... no UTF-8 mapping file for font encoding C31
Now handling font encoding C32 ...
... no UTF-8 mapping file for font encoding C32
Now handling font encoding C33 ...
... no UTF-8 mapping file for font encoding C33
Now handling font encoding C34 ...
... no UTF-8 mapping file for font encoding C34
Now handling font encoding C35 ...
... no UTF-8 mapping file for font encoding C35
Now handling font encoding C36 ...
... no UTF-8 mapping file for font encoding C36
Now handling font encoding C37 ...
... no UTF-8 mapping file for font encoding C37
Now handling font encoding C80 ...
... no UTF-8 mapping file for font encoding C80
Now handling font encoding C81 ...
... no UTF-8 mapping file for font encoding C81
Now handling font encoding C01 ...
... no UTF-8 mapping file for font encoding C01
Now handling font encoding C11 ...
... no UTF-8 mapping file for font encoding C11
Now handling font encoding C21 ...
... no UTF-8 mapping file for font encoding C21
Now handling font encoding C41 ...
... no UTF-8 mapping file for font encoding C41
Now handling font encoding C62 ...
... no UTF-8 mapping file for font encoding C62
)
LaTeX Info: Redefining \selectfont on input line 755.
\CJK@indent=\box30
)
(C:\Users\kalle\AppData\Roaming\MiKTeX\2.9\tex/latex/subfiles\subfiles.sty
Package: subfiles 2018/07/31 Federico Garcia, Gernot Salzer

("C:\Program Files\MiKTeX 2.9\tex/latex/tools\verbatim.sty"
Package: verbatim 2014/10/28 v1.5q LaTeX2e package for verbatim enhancements
\every@verbatim=\toks21
\verbatim@line=\toks22
\verbatim@in@stream=\read1
))
("C:\Program Files\MiKTeX 2.9\tex/latex/amsmath\amsmath.sty"
Package: amsmath 2019/04/01 v2.17c AMS math features
\@mathmargin=\skip57

For additional information on amsmath, use the `?' option.
("C:\Program Files\MiKTeX 2.9\tex/latex/amsmath\amstext.sty"
Package: amstext 2000/06/29 v2.01 AMS text

("C:\Program Files\MiKTeX 2.9\tex/latex/amsmath\amsgen.sty"
File: amsgen.sty 1999/11/30 v2.0 generic functions
\@emptytoks=\toks23
\ex@=\dimen123
))
("C:\Program Files\MiKTeX 2.9\tex/latex/amsmath\amsbsy.sty"
Package: amsbsy 1999/11/29 v1.2d Bold Symbols
\pmbraise@=\dimen124
)
("C:\Program Files\MiKTeX 2.9\tex/latex/amsmath\amsopn.sty"
Package: amsopn 2016/03/08 v2.02 operator names
)
\inf@bad=\count98
LaTeX Info: Redefining \frac on input line 227.
\uproot@=\count99
\leftroot@=\count100
LaTeX Info: Redefining \overline on input line 389.
\classnum@=\count101
\DOTSCASE@=\count102
LaTeX Info: Redefining \ldots on input line 486.
LaTeX Info: Redefining \dots on input line 489.
LaTeX Info: Redefining \cdots on input line 610.
\Mathstrutbox@=\box31
\strutbox@=\box32
\big@size=\dimen125
LaTeX Font Info:    Redeclaring font encoding OML on input line 733.
LaTeX Font Info:    Redeclaring font encoding OMS on input line 734.
\macc@depth=\count103
\c@MaxMatrixCols=\count104
\dotsspace@=\muskip10
\c@parentequation=\count105
\dspbrk@lvl=\count106
\tag@help=\toks24
\row@=\count107
\column@=\count108
\maxfields@=\count109
\andhelp@=\toks25
\eqnshift@=\dimen126
\alignsep@=\dimen127
\tagshift@=\dimen128
\tagwidth@=\dimen129
\totwidth@=\dimen130
\lineht@=\dimen131
\@envbody=\toks26
\multlinegap=\skip58
\multlinetaggap=\skip59
\mathdisplay@stack=\toks27
LaTeX Info: Redefining \[ on input line 2855.
LaTeX Info: Redefining \] on input line 2856.
)
(C:\Users\kalle\AppData\Roaming\MiKTeX\2.9\tex/latex/blindtext\blindtext.sty
Package: blindtext 2012/01/06 V2.0 blindtext-Package

("C:\Program Files\MiKTeX 2.9\tex/latex/tools\xspace.sty"
Package: xspace 2014/10/28 v1.13 Space after command names (DPC,MH)
)
\c@blindtext=\count110
\c@Blindtext=\count111
\c@blind@countparstart=\count112
\blind@countxx=\count113
\blindtext@numBlindtext=\count114
\blind@countyy=\count115
\c@blindlist=\count116
\c@blindlistlevel=\count117
\c@blindlist@level=\count118
\blind@listitem=\count119
\c@blind@listcount=\count120
\c@blind@levelcount=\count121
\blind@mathformula=\count122
\blind@Mathformula=\count123
\c@blind@randomcount=\count124
\c@blind@randommax=\count125
\c@blind@pangramcount=\count126
\c@blind@pangrammax=\count127
)
("C:\Program Files\MiKTeX 2.9\tex/latex/hyperref\hyperref.sty"
Package: hyperref 2019/11/06 v7.00b Hypertext links for LaTeX

("C:\Program Files\MiKTeX 2.9\tex/generic/oberdiek\pdftexcmds.sty"
Package: pdftexcmds 2019/07/25 v0.30 Utility functions of pdfTeX for LuaTeX (HO
)
Package pdftexcmds Info: LuaTeX not detected.
Package pdftexcmds Info: \pdf@primitive is available.
Package pdftexcmds Info: \pdf@ifprimitive is available.
Package pdftexcmds Info: \pdfdraftmode found.
)
("C:\Program Files\MiKTeX 2.9\tex/generic/oberdiek\kvdefinekeys.sty"
Package: kvdefinekeys 2016/05/16 v1.4 Define keys (HO)
)
("C:\Program Files\MiKTeX 2.9\tex/generic/oberdiek\pdfescape.sty"
Package: pdfescape 2016/05/16 v1.14 Implements pdfTeX's escape features (HO)
)
("C:\Program Files\MiKTeX 2.9\tex/latex/oberdiek\hycolor.sty"
Package: hycolor 2016/05/16 v1.8 Color options for hyperref/bookmark (HO)

("C:\Program Files\MiKTeX 2.9\tex/latex/oberdiek\xcolor-patch.sty"
Package: xcolor-patch 2016/05/16 xcolor patch

("C:\Program Files\MiKTeX 2.9\tex/latex/oberdiek\hopatch.sty"
Package: hopatch 2016/05/16 v1.3 Wrapper for package hooks (HO)
)))
("C:\Program Files\MiKTeX 2.9\tex/latex/oberdiek\letltxmacro.sty"
Package: letltxmacro 2016/05/16 v1.5 Let assignment for LaTeX macros (HO)
)
("C:\Program Files\MiKTeX 2.9\tex/latex/oberdiek\auxhook.sty"
Package: auxhook 2016/05/16 v1.4 Hooks for auxiliary files (HO)
)
\@linkdim=\dimen132
\Hy@linkcounter=\count128
\Hy@pagecounter=\count129

("C:\Program Files\MiKTeX 2.9\tex/latex/hyperref\pd1enc.def"
File: pd1enc.def 2019/11/06 v7.00b Hyperref: PDFDocEncoding definition (HO)
Now handling font encoding PD1 ...
... no UTF-8 mapping file for font encoding PD1
)
("C:\Program Files\MiKTeX 2.9\tex/generic/oberdiek\intcalc.sty"
Package: intcalc 2016/05/16 v1.2 Expandable calculations with integers (HO)
)
\Hy@SavedSpaceFactor=\count130

("C:\Program Files\MiKTeX 2.9\tex/latex/00miktex\hyperref.cfg"
File: hyperref.cfg 2002/06/06 v1.2 hyperref configuration of TeXLive
)
Package hyperref Info: Hyper figures OFF on input line 4535.
Package hyperref Info: Link nesting OFF on input line 4540.
Package hyperref Info: Hyper index ON on input line 4543.
Package hyperref Info: Plain pages OFF on input line 4550.
Package hyperref Info: Backreferencing OFF on input line 4555.
Package hyperref Info: Implicit mode ON; LaTeX internals redefined.
Package hyperref Info: Bookmarks ON on input line 4790.
\c@Hy@tempcnt=\count131

(C:\Users\kalle\AppData\Roaming\MiKTeX\2.9\tex/latex/url\url.sty
\Urlmuskip=\muskip11
Package: url 2013/09/16  ver 3.4  Verb mode for urls, etc.
)
LaTeX Info: Redefining \url on input line 5149.
\XeTeXLinkMargin=\dimen133

("C:\Program Files\MiKTeX 2.9\tex/generic/oberdiek\bitset.sty"
Package: bitset 2016/05/16 v1.2 Handle bit-vector datatype (HO)

("C:\Program Files\MiKTeX 2.9\tex/generic/oberdiek\bigintcalc.sty"
Package: bigintcalc 2016/05/16 v1.4 Expandable calculations on big integers (HO
)
))
\Fld@menulength=\count132
\Field@Width=\dimen134
\Fld@charsize=\dimen135
Package hyperref Info: Hyper figures OFF on input line 6420.
Package hyperref Info: Link nesting OFF on input line 6425.
Package hyperref Info: Hyper index ON on input line 6428.
Package hyperref Info: backreferencing OFF on input line 6435.
Package hyperref Info: Link coloring OFF on input line 6440.
Package hyperref Info: Link coloring with OCG OFF on input line 6445.
Package hyperref Info: PDF/A mode OFF on input line 6450.
LaTeX Info: Redefining \ref on input line 6490.
LaTeX Info: Redefining \pageref on input line 6494.
\Hy@abspage=\count133
\c@Item=\count134
\c@Hfootnote=\count135
)
Package hyperref Info: Driver (autodetected): hpdftex.

("C:\Program Files\MiKTeX 2.9\tex/latex/hyperref\hpdftex.def"
File: hpdftex.def 2019/11/06 v7.00b Hyperref driver for pdfTeX

("C:\Program Files\MiKTeX 2.9\tex/latex/oberdiek\atveryend.sty"
Package: atveryend 2016/05/16 v1.9 Hooks at the very end of document (HO)
Package atveryend Info: \enddocument detected (standard20110627).
)
\Fld@listcount=\count136
\c@bookmark@seq@number=\count137

("C:\Program Files\MiKTeX 2.9\tex/latex/oberdiek\rerunfilecheck.sty"
Package: rerunfilecheck 2016/05/16 v1.8 Rerun checks for auxiliary files (HO)

("C:\Program Files\MiKTeX 2.9\tex/generic/oberdiek\uniquecounter.sty"
Package: uniquecounter 2016/05/16 v1.3 Provide unlimited unique counter (HO)
)
Package uniquecounter Info: New unique counter `rerunfilecheck' on input line 2
82.
)
\Hy@SectionHShift=\skip60
)
(C:\Users\kalle\AppData\Roaming\MiKTeX\2.9\tex/latex/caption\caption.sty
Package: caption 2018/10/06 v3.3-154 Customizing captions (AR)

(C:\Users\kalle\AppData\Roaming\MiKTeX\2.9\tex/latex/caption\caption3.sty
Package: caption3 2018/09/12 v1.8c caption3 kernel (AR)
Package caption3 Info: TeX engine: e-TeX on input line 64.
\captionmargin=\dimen136
\captionmargin@=\dimen137
\captionwidth=\dimen138
\caption@tempdima=\dimen139
\caption@indent=\dimen140
\caption@parindent=\dimen141
\caption@hangindent=\dimen142
)
\c@caption@flags=\count138
\c@ContinuedFloat=\count139
Package caption Info: hyperref package is loaded.
)
(C:\Users\kalle\AppData\Roaming\MiKTeX\2.9\tex/latex/caption\subcaption.sty
Package: subcaption 2018/05/01 v1.1-162 Sub-captions (AR)
\c@subfigure=\count140
\c@subtable=\count141
)
("C:\Program Files\MiKTeX 2.9\tex/latex/float\float.sty"
Package: float 2001/11/08 v1.3d Float enhancements (AL)
\c@float@type=\count142
\float@exts=\toks28
\float@box=\box33
\@float@everytoks=\toks29
\@floatcapt=\box34
)
("C:\Program Files\MiKTeX 2.9\tex/latex/tools\enumerate.sty"
Package: enumerate 2015/07/23 v3.00 enumerate extensions (DPC)
\@enLab=\toks30
)
(C:\Users\kalle\AppData\Roaming\MiKTeX\2.9\tex/latex/algorithms\algorithmic.sty
Package: algorithmic 2009/08/24 v0.1 Document Style `algorithmic'
\c@ALC@unique=\count143
\c@ALC@line=\count144
\c@ALC@rem=\count145
\c@ALC@depth=\count146
\ALC@tlm=\skip61
\algorithmicindent=\skip62
) (C:\Users\kalle\AppData\Roaming\MiKTeX\2.9\tex/latex/csquotes\csquotes.sty
Package: csquotes 2019/05/10 v5.2e context-sensitive quotations (JAW)

(C:\Users\kalle\AppData\Roaming\MiKTeX\2.9\tex/latex/etoolbox\etoolbox.sty
Package: etoolbox 2018/08/19 v2.5f e-TeX tools for LaTeX (JAW)
\etb@tempcnta=\count147


Package etoolbox Warning: Patching '\begin' failed!
(etoolbox)                '\AtBeginEnvironment' will not work.


Package etoolbox Warning: Patching '\end' failed!
(etoolbox)                '\AtEndEnvironment' will not work.


Package etoolbox Warning: Patching '\end' failed!
(etoolbox)                '\AfterEndEnvironment' will not work.

)
\csq@reset=\count148
\csq@gtype=\count149
\csq@glevel=\count150
\csq@qlevel=\count151
\csq@maxlvl=\count152
\csq@tshold=\count153
\csq@ltx@everypar=\toks31
 (C:\Users\kalle\AppData\Roaming\MiKTeX\2.9\tex/latex/csquotes\csquotes.def
File: csquotes.def 2019/05/10 v5.2e csquotes generic definitions (JAW)
)
Package csquotes Info: Trying to load configuration file 'csquotes.cfg'...
Package csquotes Info: ... configuration file loaded successfully.

(C:\Users\kalle\AppData\Roaming\MiKTeX\2.9\tex/latex/csquotes\csquotes.cfg
File: csquotes.cfg 
))
(C:\Users\kalle\AppData\Roaming\MiKTeX\2.9\tex/latex/biblatex\biblatex.sty
Package: biblatex 2019/08/31 v3.13a programmable bibliographies (PK/MW)

(C:\Users\kalle\AppData\Roaming\MiKTeX\2.9\tex/latex/logreq\logreq.sty
Package: logreq 2010/08/04 v1.0 xml request logger
\lrq@indent=\count154

(C:\Users\kalle\AppData\Roaming\MiKTeX\2.9\tex/latex/logreq\logreq.def
File: logreq.def 2010/08/04 v1.0 logreq spec v1.0
))
\c@tabx@nest=\count155
\c@listtotal=\count156
\c@listcount=\count157
\c@liststart=\count158
\c@liststop=\count159
\c@citecount=\count160
\c@citetotal=\count161
\c@multicitecount=\count162
\c@multicitetotal=\count163
\c@instcount=\count164
\c@maxnames=\count165
\c@minnames=\count166
\c@maxitems=\count167
\c@minitems=\count168
\c@citecounter=\count169
\c@maxcitecounter=\count170
\c@savedcitecounter=\count171
\c@uniquelist=\count172
\c@uniquename=\count173
\c@refsection=\count174
\c@refsegment=\count175
\c@maxextratitle=\count176
\c@maxextratitleyear=\count177
\c@maxextraname=\count178
\c@maxextradate=\count179
\c@maxextraalpha=\count180
\c@abbrvpenalty=\count181
\c@highnamepenalty=\count182
\c@lownamepenalty=\count183
\c@maxparens=\count184
\c@parenlevel=\count185
\blx@tempcnta=\count186
\blx@tempcntb=\count187
\blx@tempcntc=\count188
\blx@maxsection=\count189
\blx@maxsegment@0=\count190
\blx@notetype=\count191
\blx@parenlevel@text=\count192
\blx@parenlevel@foot=\count193
\blx@sectionciteorder@0=\count194
\blx@entrysetcounter=\count195
\labelnumberwidth=\skip63
\labelalphawidth=\skip64
\biblabelsep=\skip65
\bibitemsep=\skip66
\bibnamesep=\skip67
\bibinitsep=\skip68
\bibparsep=\skip69
\bibhang=\skip70
\blx@bcfin=\read2
\blx@bcfout=\write3
\blx@langwohyphens=\language82
\c@mincomprange=\count196
\c@maxcomprange=\count197
\c@mincompwidth=\count198
Package biblatex Info: Trying to load biblatex default data model...
Package biblatex Info: ... file 'blx-dm.def' found.

(C:\Users\kalle\AppData\Roaming\MiKTeX\2.9\tex/latex/biblatex\blx-dm.def
File: blx-dm.def 2019/08/31 v3.13a biblatex localization (PK/MW)
)
Package biblatex Info: Trying to load biblatex custom data model...
Package biblatex Info: ... file 'biblatex-dm.cfg' not found.
\c@afterword=\count199
\c@savedafterword=\count266
\c@annotator=\count267
\c@savedannotator=\count268
\c@author=\count269
\c@savedauthor=\count270
\c@bookauthor=\count271
\c@savedbookauthor=\count272
\c@commentator=\count273
\c@savedcommentator=\count274
\c@editor=\count275
\c@savededitor=\count276
\c@editora=\count277
\c@savededitora=\count278
\c@editorb=\count279
\c@savededitorb=\count280
\c@editorc=\count281
\c@savededitorc=\count282
\c@foreword=\count283
\c@savedforeword=\count284
\c@holder=\count285
\c@savedholder=\count286
\c@introduction=\count287
\c@savedintroduction=\count288
\c@namea=\count289
\c@savednamea=\count290
\c@nameb=\count291
\c@savednameb=\count292
\c@namec=\count293
\c@savednamec=\count294
\c@translator=\count295
\c@savedtranslator=\count296
\c@shortauthor=\count297
\c@savedshortauthor=\count298
\c@shorteditor=\count299
\c@savedshorteditor=\count300
\c@labelname=\count301
\c@savedlabelname=\count302
\c@institution=\count303
\c@savedinstitution=\count304
\c@lista=\count305
\c@savedlista=\count306
\c@listb=\count307
\c@savedlistb=\count308
\c@listc=\count309
\c@savedlistc=\count310
\c@listd=\count311
\c@savedlistd=\count312
\c@liste=\count313
\c@savedliste=\count314
\c@listf=\count315
\c@savedlistf=\count316
\c@location=\count317
\c@savedlocation=\count318
\c@organization=\count319
\c@savedorganization=\count320
\c@origlocation=\count321
\c@savedoriglocation=\count322
\c@origpublisher=\count323
\c@savedorigpublisher=\count324
\c@publisher=\count325
\c@savedpublisher=\count326
\c@language=\count327
\c@savedlanguage=\count328
\c@origlanguage=\count329
\c@savedoriglanguage=\count330
\c@pageref=\count331
\c@savedpageref=\count332
\shorthandwidth=\skip71
\shortjournalwidth=\skip72
\shortserieswidth=\skip73
\shorttitlewidth=\skip74
\shortauthorwidth=\skip75
\shorteditorwidth=\skip76
\locallabelnumberwidth=\skip77
\locallabelalphawidth=\skip78
\localshorthandwidth=\skip79
\localshortjournalwidth=\skip80
\localshortserieswidth=\skip81
\localshorttitlewidth=\skip82
\localshortauthorwidth=\skip83
\localshorteditorwidth=\skip84
Package biblatex Info: Trying to load compatibility code...
Package biblatex Info: ... file 'blx-compat.def' found.

(C:\Users\kalle\AppData\Roaming\MiKTeX\2.9\tex/latex/biblatex\blx-compat.def
File: blx-compat.def 2019/08/31 v3.13a biblatex compatibility (PK/MW)
)
Package biblatex Info: Trying to load generic definitions...
Package biblatex Info: ... file 'biblatex.def' found.

(C:\Users\kalle\AppData\Roaming\MiKTeX\2.9\tex/latex/biblatex\biblatex.def
File: biblatex.def 2019/08/31 v3.13a biblatex compatibility (PK/MW)
\c@textcitecount=\count333
\c@textcitetotal=\count334
\c@textcitemaxnames=\count335
\c@biburlbigbreakpenalty=\count336
\c@biburlbreakpenalty=\count337
\c@biburlnumpenalty=\count338
\c@biburlucpenalty=\count339
\c@biburllcpenalty=\count340
\biburlbigskip=\muskip12
\biburlnumskip=\muskip13
\biburlucskip=\muskip14
\biburllcskip=\muskip15
\c@smartand=\count341
)
Package biblatex Info: Trying to load bibliography style 'numeric'...
Package biblatex Info: ... file 'numeric.bbx' found.

(C:\Users\kalle\AppData\Roaming\MiKTeX\2.9\tex/latex/biblatex/bbx\numeric.bbx
File: numeric.bbx 2019/08/31 v3.13a biblatex bibliography style (PK/MW)
Package biblatex Info: Trying to load bibliography style 'standard'...
Package biblatex Info: ... file 'standard.bbx' found.

(C:\Users\kalle\AppData\Roaming\MiKTeX\2.9\tex/latex/biblatex/bbx\standard.bbx
File: standard.bbx 2019/08/31 v3.13a biblatex bibliography style (PK/MW)
\c@bbx:relatedcount=\count342
\c@bbx:relatedtotal=\count343
))
Package biblatex Info: Trying to load citation style 'numeric'...
Package biblatex Info: ... file 'numeric.cbx' found.
 (C:\Users\kalle\AppData\Roaming\MiKTeX\2.9\tex/latex/biblatex/cbx\numeric.cbx
File: numeric.cbx 2019/08/31 v3.13a biblatex citation style (PK/MW)
Package biblatex Info: Redefining '\cite'.
Package biblatex Info: Redefining '\parencite'.
Package biblatex Info: Redefining '\footcite'.
Package biblatex Info: Redefining '\footcitetext'.
Package biblatex Info: Redefining '\smartcite'.
Package biblatex Info: Redefining '\supercite'.
Package biblatex Info: Redefining '\textcite'.
Package biblatex Info: Redefining '\textcites'.
Package biblatex Info: Redefining '\cites'.
Package biblatex Info: Redefining '\parencites'.
Package biblatex Info: Redefining '\smartcites'.
)
Package biblatex Info: Trying to load configuration file...
Package biblatex Info: ... file 'biblatex.cfg' found.
 (C:\Users\kalle\AppData\Roaming\MiKTeX\2.9\tex/latex/biblatex\biblatex.cfg
File: biblatex.cfg 
))
Package csquotes Info: Checking for multilingual support...
Package csquotes Info: ... found 'babel' package.
Package csquotes Info: Adjusting default style.
Package csquotes Info: Redefining alias 'default' -> 'english'.
Package biblatex Info: Trying to load language 'english'...
Package biblatex Info: ... file 'english.lbx' found.

(C:\Users\kalle\AppData\Roaming\MiKTeX\2.9\tex/latex/biblatex/lbx\english.lbx
File: english.lbx 2019/08/31 v3.13a biblatex localization (PK/MW)
)
Package biblatex Info: Trying to load language 'swedish'...
Package biblatex Info: ... file 'swedish.lbx' found.

(C:\Users\kalle\AppData\Roaming\MiKTeX\2.9\tex/latex/biblatex/lbx\swedish.lbx
File: swedish.lbx 2019/08/31 v3.13a biblatex localization (PK/MW)
)
(Thesis.aux)
\openout1 = `Thesis.aux'.

LaTeX Font Info:    Checking defaults for OML/cmm/m/it on input line 39.
LaTeX Font Info:    ... okay on input line 39.
LaTeX Font Info:    Checking defaults for T1/cmr/m/n on input line 39.
LaTeX Font Info:    ... okay on input line 39.
LaTeX Font Info:    Checking defaults for OT1/cmr/m/n on input line 39.
LaTeX Font Info:    ... okay on input line 39.
LaTeX Font Info:    Checking defaults for OMS/cmsy/m/n on input line 39.
LaTeX Font Info:    ... okay on input line 39.
LaTeX Font Info:    Checking defaults for OMX/cmex/m/n on input line 39.
LaTeX Font Info:    ... okay on input line 39.
LaTeX Font Info:    Checking defaults for U/cmr/m/n on input line 39.
LaTeX Font Info:    ... okay on input line 39.
LaTeX Font Info:    Checking defaults for C00/song/m/n on input line 39.
LaTeX Font Info:    ... okay on input line 39.
LaTeX Font Info:    Checking defaults for C05/song/m/n on input line 39.
LaTeX Font Info:    ... okay on input line 39.
LaTeX Font Info:    Checking defaults for C09/song/m/n on input line 39.
LaTeX Font Info:    ... okay on input line 39.
LaTeX Font Info:    Checking defaults for C10/song/m/n on input line 39.
LaTeX Font Info:    ... okay on input line 39.
LaTeX Font Info:    Checking defaults for C20/song/m/n on input line 39.
LaTeX Font Info:    ... okay on input line 39.
LaTeX Font Info:    Checking defaults for C19/song/m/n on input line 39.
LaTeX Font Info:    ... okay on input line 39.
LaTeX Font Info:    Checking defaults for C40/song/m/n on input line 39.
LaTeX Font Info:    ... okay on input line 39.
LaTeX Font Info:    Checking defaults for C42/song/m/n on input line 39.
LaTeX Font Info:    ... okay on input line 39.
LaTeX Font Info:    Checking defaults for C43/song/m/n on input line 39.
LaTeX Font Info:    ... okay on input line 39.
LaTeX Font Info:    Checking defaults for C50/song/m/n on input line 39.
LaTeX Font Info:    ... okay on input line 39.
LaTeX Font Info:    Checking defaults for C52/song/m/n on input line 39.
LaTeX Font Info:    ... okay on input line 39.
LaTeX Font Info:    Checking defaults for C49/song/m/n on input line 39.
LaTeX Font Info:    ... okay on input line 39.
LaTeX Font Info:    Checking defaults for C60/mj/m/n on input line 39.
LaTeX Font Info:    ... okay on input line 39.
LaTeX Font Info:    Checking defaults for C61/mj/m/n on input line 39.
LaTeX Font Info:    ... okay on input line 39.
LaTeX Font Info:    Checking defaults for C63/mj/m/n on input line 39.
LaTeX Font Info:    ... okay on input line 39.
LaTeX Font Info:    Checking defaults for C64/mj/m/n on input line 39.
LaTeX Font Info:    ... okay on input line 39.
LaTeX Font Info:    Checking defaults for C65/mj/m/n on input line 39.
LaTeX Font Info:    ... okay on input line 39.
LaTeX Font Info:    Checking defaults for C70/song/m/n on input line 39.
LaTeX Font Info:    ... okay on input line 39.
LaTeX Font Info:    Checking defaults for C31/song/m/n on input line 39.
LaTeX Font Info:    ... okay on input line 39.
LaTeX Font Info:    Checking defaults for C32/song/m/n on input line 39.
LaTeX Font Info:    ... okay on input line 39.
LaTeX Font Info:    Checking defaults for C33/song/m/n on input line 39.
LaTeX Font Info:    ... okay on input line 39.
LaTeX Font Info:    Checking defaults for C34/song/m/n on input line 39.
LaTeX Font Info:    ... okay on input line 39.
LaTeX Font Info:    Checking defaults for C35/song/m/n on input line 39.
LaTeX Font Info:    ... okay on input line 39.
LaTeX Font Info:    Checking defaults for C36/song/m/n on input line 39.
LaTeX Font Info:    ... okay on input line 39.
LaTeX Font Info:    Checking defaults for C37/song/m/n on input line 39.
LaTeX Font Info:    ... okay on input line 39.
LaTeX Font Info:    Checking defaults for C80/song/m/n on input line 39.
LaTeX Font Info:    ... okay on input line 39.
LaTeX Font Info:    Checking defaults for C81/song/m/n on input line 39.
LaTeX Font Info:    ... okay on input line 39.
LaTeX Font Info:    Checking defaults for C01/song/m/n on input line 39.
LaTeX Font Info:    ... okay on input line 39.
LaTeX Font Info:    Checking defaults for C11/song/m/n on input line 39.
LaTeX Font Info:    ... okay on input line 39.
LaTeX Font Info:    Checking defaults for C21/song/m/n on input line 39.
LaTeX Font Info:    ... okay on input line 39.
LaTeX Font Info:    Checking defaults for C41/song/m/n on input line 39.
LaTeX Font Info:    ... okay on input line 39.
LaTeX Font Info:    Checking defaults for C62/song/m/n on input line 39.
LaTeX Font Info:    ... okay on input line 39.
LaTeX Font Info:    Checking defaults for PD1/pdf/m/n on input line 39.
LaTeX Font Info:    ... okay on input line 39.
LaTeX Font Info:    Trying to load font information for T1+qtm on input line 39
.

(C:\Users\kalle\AppData\Roaming\MiKTeX\2.9\tex/latex/tex-gyre\t1qtm.fd
File: t1qtm.fd 2009/09/25 v1.2 font definition file for T1/qtm
)
*geometry* driver: auto-detecting
*geometry* detected driver: pdftex
*geometry* verbose mode - [ preamble ] result:
* driver: pdftex
* paper: a4paper
* layout: <same size as paper>
* layoutoffset:(h,v)=(0.0pt,0.0pt)
* modes: twoside 
* h-part:(L,W,R)=(128.0374pt, 369.88583pt, 99.58464pt)
* v-part:(T,H,B)=(105.27519pt, 597.50787pt, 142.26378pt)
* \paperwidth=597.50787pt
* \paperheight=845.04684pt
* \textwidth=369.88583pt
* \textheight=597.50787pt
* \oddsidemargin=55.76741pt
* \evensidemargin=27.31465pt
* \topmargin=-23.90028pt
* \headheight=14.22636pt
* \headsep=42.67912pt
* \topskip=12.0pt
* \footskip=71.13188pt
* \marginparwidth=44.0pt
* \marginparsep=10.0pt
* \columnsep=10.0pt
* \skip\footins=10.8pt plus 4.0pt minus 2.0pt
* \hoffset=0.0pt
* \voffset=0.0pt
* \mag=1000
* \@twocolumnfalse
* \@twosidetrue
* \@mparswitchtrue
* \@reversemarginfalse
* (1in=72.27pt=25.4mm, 1cm=28.453pt)

\AtBeginShipoutBox=\box35
(C:\Users\kalle\AppData\Roaming\MiKTeX\2.9\tex/context/base\supp-pdf.mkii
[Loading MPS to PDF converter (version 2006.09.02).]
\scratchcounter=\count344
\scratchdimen=\dimen143
\scratchbox=\box36
\nofMPsegments=\count345
\nofMParguments=\count346
\everyMPshowfont=\toks32
\MPscratchCnt=\count347
\MPscratchDim=\dimen144
\MPnumerator=\count348
\makeMPintoPDFobject=\count349
\everyMPtoPDFconversion=\toks33
) ("C:\Program Files\MiKTeX 2.9\tex/latex/oberdiek\epstopdf-base.sty"
Package: epstopdf-base 2016/05/15 v2.6 Base part for package epstopdf

("C:\Program Files\MiKTeX 2.9\tex/latex/oberdiek\grfext.sty"
Package: grfext 2016/05/16 v1.2 Manage graphics extensions (HO)
)
Package epstopdf-base Info: Redefining graphics rule for `.eps' on input line 4
38.
Package grfext Info: Graphics extension search list:
(grfext)             [.pdf,.png,.jpg,.mps,.jpeg,.jbig2,.jb2,.PDF,.PNG,.JPG,.JPE
G,.JBIG2,.JB2,.eps]
(grfext)             \AppendGraphicsExtensions on input line 456.
)
("C:\Program Files\MiKTeX 2.9\tex/latex/oberdiek\pdflscape.sty"
Package: pdflscape 2016/05/14 v0.11 Display of landscape pages in PDF (HO)

("C:\Program Files\MiKTeX 2.9\tex/latex/graphics\lscape.sty"
Package: lscape 2000/10/22 v3.01 Landscape Pages (DPC)
)
Package pdflscape Info: Auto-detected driver: pdftex on input line 81.
)
Package hyperref Info: Link coloring OFF on input line 39.

("C:\Program Files\MiKTeX 2.9\tex/latex/hyperref\nameref.sty"
Package: nameref 2019/09/16 v2.46 Cross-referencing by name of section

("C:\Program Files\MiKTeX 2.9\tex/latex/oberdiek\refcount.sty"
Package: refcount 2016/05/16 v3.5 Data extraction from label references (HO)
)
("C:\Program Files\MiKTeX 2.9\tex/generic/oberdiek\gettitlestring.sty"
Package: gettitlestring 2016/05/16 v1.5 Cleanup title references (HO)
)
\c@section@level=\count350
)
LaTeX Info: Redefining \ref on input line 39.
LaTeX Info: Redefining \pageref on input line 39.
LaTeX Info: Redefining \nameref on input line 39.

(Thesis.out) (Thesis.out)
\@outlinefile=\write4
\openout4 = `Thesis.out'.

Package caption Info: Begin \AtBeginDocument code.
Package caption Info: float package is loaded.
Package caption Info: End \AtBeginDocument code.
Package biblatex Info: Input encoding 'utf8' detected.
Package biblatex Info: Automatic encoding selection.
(biblatex)             Assuming data encoding 'utf8'.
\openout3 = `Thesis.bcf'.

Package biblatex Info: Trying to load bibliographic data...
Package biblatex Info: ... file 'Thesis.bbl' found.
 (Thesis.bbl)
Package biblatex Info: Reference section=0 on input line 39.
Package biblatex Info: Reference segment=0 on input line 39.
*geometry* verbose mode - [ newgeometry ] result:
* driver: pdftex
* paper: a4paper
* layout: <same size as paper>
* layoutoffset:(h,v)=(0.0pt,0.0pt)
* modes: 
* h-part:(L,W,R)=(142.26378pt, 355.65945pt, 99.58464pt)
* v-part:(T,H,B)=(184.9429pt, 574.74568pt, 85.35826pt)
* \paperwidth=597.50787pt
* \paperheight=845.04684pt
* \textwidth=355.65945pt
* \textheight=574.74568pt
* \oddsidemargin=69.99379pt
* \evensidemargin=69.99379pt
* \topmargin=55.76743pt
* \headheight=14.22636pt
* \headsep=42.67912pt
* \topskip=12.0pt
* \footskip=71.13188pt
* \marginparwidth=44.0pt
* \marginparsep=10.0pt
* \columnsep=10.0pt
* \skip\footins=10.8pt plus 4.0pt minus 2.0pt
* \hoffset=0.0pt
* \voffset=0.0pt
* \mag=1000
* \@twocolumnfalse
* \@twosidefalse
* \@mparswitchfalse
* \@reversemarginfalse
* (1in=72.27pt=25.4mm, 1cm=28.453pt)

LaTeX Font Info:    Trying to load font information for T1+qhv on input line 44
.

(C:\Users\kalle\AppData\Roaming\MiKTeX\2.9\tex/latex/tex-gyre\t1qhv.fd
File: t1qhv.fd 2009/09/25 v1.2 font definition file for T1/qhv
)
[1


{C:/Users/kalle/AppData/Local/MiKTeX/2.9/pdftex/config/pdftex.map}] [2


]
(Abstract/abstract.tex [3] [4

]) [5

] (Thesis.toc [6

] [7])
\tf@toc=\write5
\openout5 = `Thesis.toc'.

 [8]
(Introduction/introduction.tex
Chapter 1.

Overfull \hbox (12.3475pt too wide) in paragraph at lines 4--4
|[]\T1/qhv/b/n/17.28 An in-tro-duc-tion to Global nav-i-ga-tion satel-
 []

(C:\Users\kalle\AppData\Roaming\MiKTeX\2.9\tex/latex/cjk/UTF8\UTF8.bdg
File: UTF8.bdg 2015/04/18 4.8.4
)
(C:\Users\kalle\AppData\Roaming\MiKTeX\2.9\tex/latex/cjk/UTF8\UTF8.enc
File: UTF8.enc 2015/04/18 4.8.4
)
(C:\Users\kalle\AppData\Roaming\MiKTeX\2.9\tex/latex/cjk/UTF8\UTF8.chr
File: UTF8.chr 2015/04/18 4.8.4
)
LaTeX Font Info:    Trying to load font information for C70+gbsn on input line 
5.

(C:\Users\kalle\AppData\Roaming\MiKTeX\2.9\tex/latex/cjk/UTF8\c70gbsn.fd
File: c70gbsn.fd 2015/04/18 4.8.4
)
(C:\Users\kalle\AppData\Roaming\MiKTeX\2.9\tex/latex/cjk/UTF8\c70gbsn.fdx
File: c70gbsn.fdx 2015/04/18 4.8.4
)
[1


]
<Background/BasisGNSS2Sat.jpg, id=370, 241.90375pt x 178.6675pt>
File: Background/BasisGNSS2Sat.jpg Graphic file (type jpg)
<use Background/BasisGNSS2Sat.jpg>
Package pdftex.def Info: Background/BasisGNSS2Sat.jpg  used on input line 16.
(pdftex.def)             Requested size: 110.96687pt x 81.95903pt.
<Background/BasisGNSS3Sat.jpg, id=371, 963.6pt x 722.7pt>
File: Background/BasisGNSS3Sat.jpg Graphic file (type jpg)
<use Background/BasisGNSS3Sat.jpg>
Package pdftex.def Info: Background/BasisGNSS3Sat.jpg  used on input line 19.
(pdftex.def)             Requested size: 110.96687pt x 83.22453pt.
<Background/BasisGNSS4Sat.jpg, id=372, 963.6pt x 722.7pt>
File: Background/BasisGNSS4Sat.jpg Graphic file (type jpg)
<use Background/BasisGNSS4Sat.jpg>
Package pdftex.def Info: Background/BasisGNSS4Sat.jpg  used on input line 22.
(pdftex.def)             Requested size: 110.96687pt x 83.22453pt.
 [2 <./Background/BasisGNSS2Sat.jpg> <./Background/BasisGNSS3Sat.jpg> <./Backgr
ound/BasisGNSS4Sat.jpg>] [3] [4]
LaTeX Font Info:    Trying to load font information for T1+qcr on input line 57
.

(C:\Users\kalle\AppData\Roaming\MiKTeX\2.9\tex/latex/tex-gyre\t1qcr.fd
File: t1qcr.fd 2009/09/25 v1.2 font definition file for T1/qcr
)
[5]
LaTeX Font Info:    Trying to load font information for OMS+qtm on input line 7
0.
LaTeX Font Info:    No file OMSqtm.fd. on input line 70.


LaTeX Font Warning: Font shape `OMS/qtm/m/n' undefined
(Font)              using `OMS/cmsy/m/n' instead
(Font)              for symbol `textbullet' on input line 70.

) (Background/background.tex [6]
Chapter 2.
[7

]
<Background/allCS.jpg, id=430, 963.6pt x 722.7pt>
File: Background/allCS.jpg Graphic file (type jpg)
<use Background/allCS.jpg>
Package pdftex.def Info: Background/allCS.jpg  used on input line 63.
(pdftex.def)             Requested size: 295.90979pt x 221.92842pt.


LaTeX Warning: `!h' float specifier changed to `!ht'.

[8] [9 <./Background/allCS.jpg>]
Overfull \hbox (10.91954pt too wide) detected at line 95
[]
 []

[10] [11]
Overfull \hbox (11.55255pt too wide) in paragraph at lines 134--134
|[]\T1/qhv/b/n/17.28 Satellite po-si-tion-ing us-ing ephemeris data| 
 []

[12]
<Background/eph_values.jpg, id=498, 127.22531pt x 426.09187pt>
File: Background/eph_values.jpg Graphic file (type jpg)
<use Background/eph_values.jpg>
Package pdftex.def Info: Background/eph_values.jpg  used on input line 145.
(pdftex.def)             Requested size: 127.22499pt x 426.09082pt.


LaTeX Warning: `!h' float specifier changed to `!ht'.

[13] [14 <./Background/eph_values.jpg>] [15] [16] [17]
Underfull \hbox (badness 10000) in paragraph at lines 279--281

 []

[18]
Overfull \hbox (3.41736pt too wide) in paragraph at lines 312--313
\T1/qtm/m/n/12 This is con-tin-ued un-til con-ver-gence for steps 2-7, where th
e con-ver-gence thresh-
 []

[19]
Overfull \hbox (91.18214pt too wide) in paragraph at lines 325--326
[]\T1/qtm/m/n/12 The func-tion "es-ti-mate_satellite_clock_bias" is that from e
qua-tion ([]2.12[]). "get_satellite_position"
 []


Overfull \hbox (67.40225pt too wide) in paragraph at lines 327--329
\T1/qtm/m/n/12 ephemeris data of the ac-tive satel-lites in each epoch.        
                                              
 []

[20] [21] [22]
<Background/relativePos.jpg, id=660, 547.04375pt x 463.7325pt>
File: Background/relativePos.jpg Graphic file (type jpg)
<use Background/relativePos.jpg>
Package pdftex.def Info: Background/relativePos.jpg  used on input line 415.
(pdftex.def)             Requested size: 177.54361pt x 150.50606pt.
<Background/relativePosDoubleDiff.jpg, id=661, 547.04375pt x 463.7325pt>
File: Background/relativePosDoubleDiff.jpg Graphic file (type jpg)
<use Background/relativePosDoubleDiff.jpg>
Package pdftex.def Info: Background/relativePosDoubleDiff.jpg  used on input li
ne 420.
(pdftex.def)             Requested size: 177.54361pt x 150.50606pt.
<Background/LowDOP.jpg, id=663, 469.755pt x 324.21124pt>
File: Background/LowDOP.jpg Graphic file (type jpg)
<use Background/LowDOP.jpg>
Package pdftex.def Info: Background/LowDOP.jpg  used on input line 429.
(pdftex.def)             Requested size: 184.94292pt x 127.63905pt.
<Background/HighDOP.jpg, id=664, 241.90375pt x 236.885pt>
File: Background/HighDOP.jpg Graphic file (type jpg)
<use Background/HighDOP.jpg>
Package pdftex.def Info: Background/HighDOP.jpg  used on input line 432.
(pdftex.def)             Requested size: 140.55841pt x 137.64641pt.
 [23] [24 <./Background/relativePos.jpg> <./Background/relativePosDoubleDiff.jp
g>] [25 <./Background/LowDOP.jpg> <./Background/HighDOP.jpg>])
(Method/method.tex [26]
Chapter 3.

Overfull \hbox (0.5264pt too wide) in paragraph at lines 11--11
|[]\T1/qhv/b/n/17.28 RMSE of rel-a-tive po-si-tion from global po-
 []

[27

] [28]
Underfull \hbox (badness 10000) in paragraph at lines 31--31
[][][][]$\T1/qcr/m/n/10 https : / / docs . inertialsense . com / user-[]manual 
/ software /
 []


Underfull \hbox (badness 10000) in paragraph at lines 31--31
[][][][]$\T1/qcr/m/n/10 https : / / docs . inertialsense . com / user-[]manual 
/ software /
 []

<Method/Uggleviken.png, id=729, 837.88031pt x 459.96844pt>
File: Method/Uggleviken.png Graphic file (type png)
<use Method/Uggleviken.png>
Package pdftex.def Info: Method/Uggleviken.png  used on input line 35.
(pdftex.def)             Requested size: 335.14618pt x 183.98412pt.

LaTeX Warning: `!h' float specifier changed to `!ht'.

[29]
Overfull \hbox (1.82614pt too wide) in paragraph at lines 51--52
\T1/qtm/m/n/12 the same re-ceiver and only ob-ser-va-tion data that has a cor-r
e-spond-ing ephemeris
 []

[30 <./Method/Uggleviken.png>]) (Results/results.tex [31]
Chapter 4.

Overfull \hbox (2.56944pt too wide) in paragraph at lines 17--17
|[]\T1/qhv/b/n/14.4 Convergence of es-ti-mate for noise free mea-sure-
 []

[32

]
Package epstopdf Info: Source file: <Results/SimulationEstPos/noiseFreeConv.eps
>
(epstopdf)                    date: 2019-12-06 14:06:08
(epstopdf)                    size: 24072 bytes
(epstopdf)             Output file: <Results/SimulationEstPos/noiseFreeConv-eps
-converted-to.pdf>
(epstopdf)                    date: 2019-12-06 14:07:09
(epstopdf)                    size: 8209 bytes
(epstopdf)             Command: <epstopdf --outfile=Results/SimulationEstPos/no
iseFreeConv-eps-converted-to.pdf Results/SimulationEstPos/noiseFreeConv.eps>
(epstopdf)             \includegraphics on input line 25.
Package epstopdf Info: Output file is already uptodate.


pdfTeX warning: pdflatex (file ./Results/SimulationEstPos/noiseFreeConv-eps-con
verted-to.pdf): PDF inclusion: found PDF version <1.7>, but at most version <1.
5> allowed
<Results/SimulationEstPos/noiseFreeConv-eps-converted-to.pdf, id=769, 381.425pt
 x 293.095pt>
File: Results/SimulationEstPos/noiseFreeConv-eps-converted-to.pdf Graphic file 
(type pdf)
<use Results/SimulationEstPos/noiseFreeConv-eps-converted-to.pdf>
Package pdftex.def Info: Results/SimulationEstPos/noiseFreeConv-eps-converted-t
o.pdf  used on input line 25.
(pdftex.def)             Requested size: 181.24608pt x 139.27075pt.
Package epstopdf Info: Source file: <Results/SimulationEstPos/clockBConv.eps>
(epstopdf)                    date: 2019-12-06 14:06:09
(epstopdf)                    size: 32187 bytes
(epstopdf)             Output file: <Results/SimulationEstPos/clockBConv-eps-co
nverted-to.pdf>
(epstopdf)                    date: 2019-12-06 14:07:10
(epstopdf)                    size: 9383 bytes
(epstopdf)             Command: <epstopdf --outfile=Results/SimulationEstPos/cl
ockBConv-eps-converted-to.pdf Results/SimulationEstPos/clockBConv.eps>
(epstopdf)             \includegraphics on input line 29.
Package epstopdf Info: Output file is already uptodate.


pdfTeX warning: pdflatex (file ./Results/SimulationEstPos/clockBConv-eps-conver
ted-to.pdf): PDF inclusion: found PDF version <1.7>, but at most version <1.5> 
allowed
<Results/SimulationEstPos/clockBConv-eps-converted-to.pdf, id=770, 370.38374pt 
x 288.07625pt>
File: Results/SimulationEstPos/clockBConv-eps-converted-to.pdf Graphic file (ty
pe pdf)
<use Results/SimulationEstPos/clockBConv-eps-converted-to.pdf>
Package pdftex.def Info: Results/SimulationEstPos/clockBConv-eps-converted-to.p
df  used on input line 29.
(pdftex.def)             Requested size: 181.24608pt x 140.96957pt.
Package epstopdf Info: Source file: <Results/SimulationEstPos/satPosConv.eps>
(epstopdf)                    date: 2019-12-06 14:06:10
(epstopdf)                    size: 29663 bytes
(epstopdf)             Output file: <Results/SimulationEstPos/satPosConv-eps-co
nverted-to.pdf>
(epstopdf)                    date: 2019-12-06 14:07:11
(epstopdf)                    size: 8289 bytes
(epstopdf)             Command: <epstopdf --outfile=Results/SimulationEstPos/sa
tPosConv-eps-converted-to.pdf Results/SimulationEstPos/satPosConv.eps>
(epstopdf)             \includegraphics on input line 33.
Package epstopdf Info: Output file is already uptodate.


pdfTeX warning: pdflatex (file ./Results/SimulationEstPos/satPosConv-eps-conver
ted-to.pdf): PDF inclusion: found PDF version <1.7>, but at most version <1.5> 
allowed
<Results/SimulationEstPos/satPosConv-eps-converted-to.pdf, id=771, 371.3875pt x
 293.095pt>
File: Results/SimulationEstPos/satPosConv-eps-converted-to.pdf Graphic file (ty
pe pdf)
<use Results/SimulationEstPos/satPosConv-eps-converted-to.pdf>
Package pdftex.def Info: Results/SimulationEstPos/satPosConv-eps-converted-to.p
df  used on input line 33.
(pdftex.def)             Requested size: 181.24608pt x 143.04088pt.
Package epstopdf Info: Source file: <Results/SimulationEstPos/GaussianConv.eps>

(epstopdf)                    date: 2019-12-06 14:06:12
(epstopdf)                    size: 29665 bytes
(epstopdf)             Output file: <Results/SimulationEstPos/GaussianConv-eps-
converted-to.pdf>
(epstopdf)                    date: 2019-12-06 14:07:12
(epstopdf)                    size: 8304 bytes
(epstopdf)             Command: <epstopdf --outfile=Results/SimulationEstPos/Ga
ussianConv-eps-converted-to.pdf Results/SimulationEstPos/GaussianConv.eps>
(epstopdf)             \includegraphics on input line 37.
Package epstopdf Info: Output file is already uptodate.


pdfTeX warning: pdflatex (file ./Results/SimulationEstPos/GaussianConv-eps-conv
erted-to.pdf): PDF inclusion: found PDF version <1.7>, but at most version <1.5
> allowed
<Results/SimulationEstPos/GaussianConv-eps-converted-to.pdf, id=772, 371.3875pt
 x 293.095pt>
File: Results/SimulationEstPos/GaussianConv-eps-converted-to.pdf Graphic file (
type pdf)
<use Results/SimulationEstPos/GaussianConv-eps-converted-to.pdf>
Package pdftex.def Info: Results/SimulationEstPos/GaussianConv-eps-converted-to
.pdf  used on input line 37.
(pdftex.def)             Requested size: 181.24608pt x 143.04088pt.

LaTeX Warning: `!h' float specifier changed to `!ht'.

Package epstopdf Info: Source file: <Results/SimulationEstPos/mixedNoiseConv.ep
s>
(epstopdf)                    date: 2019-12-06 14:06:13
(epstopdf)                    size: 49093 bytes
(epstopdf)             Output file: <Results/SimulationEstPos/mixedNoiseConv-ep
s-converted-to.pdf>
(epstopdf)                    date: 2019-12-06 14:07:14
(epstopdf)                    size: 18001 bytes
(epstopdf)             Command: <epstopdf --outfile=Results/SimulationEstPos/mi
xedNoiseConv-eps-converted-to.pdf Results/SimulationEstPos/mixedNoiseConv.eps>
(epstopdf)             \includegraphics on input line 46.
Package epstopdf Info: Output file is already uptodate.


pdfTeX warning: pdflatex (file ./Results/SimulationEstPos/mixedNoiseConv-eps-co
nverted-to.pdf): PDF inclusion: found PDF version <1.7>, but at most version <1
.5> allowed
<Results/SimulationEstPos/mixedNoiseConv-eps-converted-to.pdf, id=774, 371.3875
pt x 288.07625pt>
File: Results/SimulationEstPos/mixedNoiseConv-eps-converted-to.pdf Graphic file
 (type pdf)
<use Results/SimulationEstPos/mixedNoiseConv-eps-converted-to.pdf>
Package pdftex.def Info: Results/SimulationEstPos/mixedNoiseConv-eps-converted-
to.pdf  used on input line 46.
(pdftex.def)             Requested size: 295.90979pt x 229.53381pt.
Package epstopdf Info: Source file: <Results/SimulationEstPos/noiseFree.eps>
(epstopdf)                    date: 2019-12-06 14:06:03
(epstopdf)                    size: 53049 bytes
(epstopdf)             Output file: <Results/SimulationEstPos/noiseFree-eps-con
verted-to.pdf>
(epstopdf)                    date: 2019-12-06 14:07:15
(epstopdf)                    size: 9114 bytes
(epstopdf)             Command: <epstopdf --outfile=Results/SimulationEstPos/no
iseFree-eps-converted-to.pdf Results/SimulationEstPos/noiseFree.eps>
(epstopdf)             \includegraphics on input line 55.
Package epstopdf Info: Output file is already uptodate.


pdfTeX warning: pdflatex (file ./Results/SimulationEstPos/noiseFree-eps-convert
ed-to.pdf): PDF inclusion: found PDF version <1.7>, but at most version <1.5> a
llowed
<Results/SimulationEstPos/noiseFree-eps-converted-to.pdf, id=778, 374.39874pt x
 299.1175pt>
File: Results/SimulationEstPos/noiseFree-eps-converted-to.pdf Graphic file (typ
e pdf)
<use Results/SimulationEstPos/noiseFree-eps-converted-to.pdf>
Package pdftex.def Info: Results/SimulationEstPos/noiseFree-eps-converted-to.pd
f  used on input line 55.
(pdftex.def)             Requested size: 181.24608pt x 144.80252pt.
Package epstopdf Info: Source file: <Results/SimulationEstPos/clockB.eps>
(epstopdf)                    date: 2019-12-06 14:06:04
(epstopdf)                    size: 60493 bytes
(epstopdf)             Output file: <Results/SimulationEstPos/clockB-eps-conver
ted-to.pdf>
(epstopdf)                    date: 2019-12-06 14:07:17
(epstopdf)                    size: 24242 bytes
(epstopdf)             Command: <epstopdf --outfile=Results/SimulationEstPos/cl
ockB-eps-converted-to.pdf Results/SimulationEstPos/clockB.eps>
(epstopdf)             \includegraphics on input line 59.
Package epstopdf Info: Output file is already uptodate.


pdfTeX warning: pdflatex (file ./Results/SimulationEstPos/clockB-eps-converted-
to.pdf): PDF inclusion: found PDF version <1.7>, but at most version <1.5> allo
wed
<Results/SimulationEstPos/clockB-eps-converted-to.pdf, id=779, 374.39874pt x 28
5.065pt>
File: Results/SimulationEstPos/clockB-eps-converted-to.pdf Graphic file (type p
df)
<use Results/SimulationEstPos/clockB-eps-converted-to.pdf>
Package pdftex.def Info: Results/SimulationEstPos/clockB-eps-converted-to.pdf  
used on input line 59.
(pdftex.def)             Requested size: 181.24608pt x 137.99971pt.
Package epstopdf Info: Source file: <Results/SimulationEstPos/satPos.eps>
(epstopdf)                    date: 2019-12-06 14:06:05
(epstopdf)                    size: 55334 bytes
(epstopdf)             Output file: <Results/SimulationEstPos/satPos-eps-conver
ted-to.pdf>
(epstopdf)                    date: 2019-12-06 14:07:18
(epstopdf)                    size: 23310 bytes
(epstopdf)             Command: <epstopdf --outfile=Results/SimulationEstPos/sa
tPos-eps-converted-to.pdf Results/SimulationEstPos/satPos.eps>
(epstopdf)             \includegraphics on input line 63.
Package epstopdf Info: Output file is already uptodate.


pdfTeX warning: pdflatex (file ./Results/SimulationEstPos/satPos-eps-converted-
to.pdf): PDF inclusion: found PDF version <1.7>, but at most version <1.5> allo
wed
<Results/SimulationEstPos/satPos-eps-converted-to.pdf, id=780, 376.40625pt x 28
6.06876pt>
File: Results/SimulationEstPos/satPos-eps-converted-to.pdf Graphic file (type p
df)
<use Results/SimulationEstPos/satPos-eps-converted-to.pdf>
Package pdftex.def Info: Results/SimulationEstPos/satPos-eps-converted-to.pdf  
used on input line 63.
(pdftex.def)             Requested size: 181.24608pt x 137.7523pt.
Package epstopdf Info: Source file: <Results/SimulationEstPos/Gaussian.eps>
(epstopdf)                    date: 2019-12-06 14:06:07
(epstopdf)                    size: 56234 bytes
(epstopdf)             Output file: <Results/SimulationEstPos/Gaussian-eps-conv
erted-to.pdf>
(epstopdf)                    date: 2019-12-06 14:07:20
(epstopdf)                    size: 22600 bytes
(epstopdf)             Command: <epstopdf --outfile=Results/SimulationEstPos/Ga
ussian-eps-converted-to.pdf Results/SimulationEstPos/Gaussian.eps>
(epstopdf)             \includegraphics on input line 67.
Package epstopdf Info: Output file is already uptodate.


pdfTeX warning: pdflatex (file ./Results/SimulationEstPos/Gaussian-eps-converte
d-to.pdf): PDF inclusion: found PDF version <1.7>, but at most version <1.5> al
lowed
<Results/SimulationEstPos/Gaussian-eps-converted-to.pdf, id=781, 382.42876pt x 
286.06876pt>
File: Results/SimulationEstPos/Gaussian-eps-converted-to.pdf Graphic file (type
 pdf)
<use Results/SimulationEstPos/Gaussian-eps-converted-to.pdf>
Package pdftex.def Info: Results/SimulationEstPos/Gaussian-eps-converted-to.pdf
  used on input line 67.
(pdftex.def)             Requested size: 181.24608pt x 135.5785pt.

LaTeX Warning: `!h' float specifier changed to `!ht'.

[33]
Underfull \hbox (badness 1348) in paragraph at lines 78--78
[][][]\T1/qtm/m/n/10 link to re-con-struct plot: []$\T1/qcr/m/n/10 https : / / 
www . gnssplanning . com / # / embedded ?
 []


Underfull \hbox (badness 10000) in paragraph at lines 78--78
\T1/qcr/m/n/10 satellites = 1 ,[] 2 ,[] 3 ,[] 5 ,[] 6 ,[] 7 ,[] 8 ,[] 9 ,[] 10 
,[] 11 ,[] 12 ,[] 13 ,[] 14 ,[] 15 ,[] 16 ,[] 17 ,[] 18 ,[]
 []


Underfull \hbox (badness 10000) in paragraph at lines 78--78
\T1/qcr/m/n/10 19 ,[] 20 ,[] 21 ,[] 22 ,[] 23 ,[] 24 ,[] 25 ,[] 26 ,[] 27 ,[] 2
8 ,[] 29 ,[] 30 ,[] 31 ,[] 32 & satSystems = GPS &
 []


Underfull \hbox (badness 10000) in paragraph at lines 78--78
\T1/qcr/m/n/10 restoreSats = 0 & target = settings & cutoffDeg = 0 & durationHo
urs =
 []


Underfull \hbox (badness 10000) in paragraph at lines 78--78
\T1/qcr/m/n/10 6 & utcTime = 2019-[]04-[]11T12 : 00 : 00 & hgt = 10 & lonDeg = 
18 . 0687918056 &
 []

Package epstopdf Info: Source file: <Results/satsInSky.eps>
(epstopdf)                    date: 2019-08-12 14:43:50
(epstopdf)                    size: 592557 bytes
(epstopdf)             Output file: <Results/satsInSky-eps-converted-to.pdf>
(epstopdf)                    date: 2019-08-12 14:45:21
(epstopdf)                    size: 143105 bytes
(epstopdf)             Command: <epstopdf --outfile=Results/satsInSky-eps-conve
rted-to.pdf Results/satsInSky.eps>
(epstopdf)             \includegraphics on input line 81.
Package epstopdf Info: Output file is already uptodate.


pdfTeX warning: pdflatex (file ./Results/satsInSky-eps-converted-to.pdf): PDF i
nclusion: found PDF version <1.7>, but at most version <1.5> allowed
<Results/satsInSky-eps-converted-to.pdf, id=793, 505.89pt x 489.83pt>
File: Results/satsInSky-eps-converted-to.pdf Graphic file (type pdf)
<use Results/satsInSky-eps-converted-to.pdf>
Package pdftex.def Info: Results/satsInSky-eps-converted-to.pdf  used on input 
line 81.
(pdftex.def)             Requested size: 181.24608pt x 175.49408pt.
<Results/skyplot190411-1230.png, id=794, 1003.75pt x 1003.75pt>
File: Results/skyplot190411-1230.png Graphic file (type png)
<use Results/skyplot190411-1230.png>
Package pdftex.def Info: Results/skyplot190411-1230.png  used on input line 86.

(pdftex.def)             Requested size: 181.24608pt x 181.23389pt.

Underfull \hbox (badness 2181) in paragraph at lines 87--87
\T1/qtm/m/n/12 GPS-satellites at UTC 2019-04-11,
 []

[34 <./Results/SimulationEstPos/noiseFreeConv-eps-converted-to.pdf> <./Results/
SimulationEstPos/clockBConv-eps-converted-to.pdf> <./Results/SimulationEstPos/s
atPosConv-eps-converted-to.pdf> <./Results/SimulationEstPos/GaussianConv-eps-co
nverted-to.pdf>]
Package epstopdf Info: Source file: <Results/elev6H.eps>
(epstopdf)                    date: 2019-10-25 09:35:52
(epstopdf)                    size: 204960 bytes
(epstopdf)             Output file: <Results/elev6H-eps-converted-to.pdf>
(epstopdf)                    date: 2019-10-25 09:36:08
(epstopdf)                    size: 155660 bytes
(epstopdf)             Command: <epstopdf --outfile=Results/elev6H-eps-converte
d-to.pdf Results/elev6H.eps>
(epstopdf)             \includegraphics on input line 94.
Package epstopdf Info: Output file is already uptodate.


pdfTeX warning: pdflatex (file ./Results/elev6H-eps-converted-to.pdf): PDF incl
usion: found PDF version <1.7>, but at most version <1.5> allowed
<Results/elev6H-eps-converted-to.pdf, id=828, 1204.5pt x 589.20125pt>
File: Results/elev6H-eps-converted-to.pdf Graphic file (type pdf)
<use Results/elev6H-eps-converted-to.pdf>
Package pdftex.def Info: Results/elev6H-eps-converted-to.pdf  used on input lin
e 94.
(pdftex.def)             Requested size: 369.88583pt x 180.9333pt.
<Results/elevGNSSPlanning.jpg, id=829, 650.43pt x 561.59813pt>
File: Results/elevGNSSPlanning.jpg Graphic file (type jpg)
<use Results/elevGNSSPlanning.jpg>
Package pdftex.def Info: Results/elevGNSSPlanning.jpg  used on input line 99.
(pdftex.def)             Requested size: 258.91895pt x 223.5641pt.

LaTeX Warning: `!h' float specifier changed to `!ht'.

[35 <./Results/SimulationEstPos/mixedNoiseConv-eps-converted-to.pdf>]
Package epstopdf Info: Source file: <Results/GPShist10mN.eps>
(epstopdf)                    date: 2019-12-06 14:52:15
(epstopdf)                    size: 45240 bytes
(epstopdf)             Output file: <Results/GPShist10mN-eps-converted-to.pdf>
(epstopdf)                    date: 2019-12-06 14:53:36
(epstopdf)                    size: 14032 bytes
(epstopdf)             Command: <epstopdf --outfile=Results/GPShist10mN-eps-con
verted-to.pdf Results/GPShist10mN.eps>
(epstopdf)             \includegraphics on input line 109.
Package epstopdf Info: Output file is already uptodate.


pdfTeX warning: pdflatex (file ./Results/GPShist10mN-eps-converted-to.pdf): PDF
 inclusion: found PDF version <1.7>, but at most version <1.5> allowed
<Results/GPShist10mN-eps-converted-to.pdf, id=853, 421.575pt x 316.18124pt>
File: Results/GPShist10mN-eps-converted-to.pdf Graphic file (type pdf)
<use Results/GPShist10mN-eps-converted-to.pdf>
Package pdftex.def Info: Results/GPShist10mN-eps-converted-to.pdf  used on inpu
t line 109.
(pdftex.def)             Requested size: 369.88583pt x 277.42018pt.
Package epstopdf Info: Source file: <Results/GPShist10mE.eps>
(epstopdf)                    date: 2019-12-06 14:53:13
(epstopdf)                    size: 44474 bytes
(epstopdf)             Output file: <Results/GPShist10mE-eps-converted-to.pdf>
(epstopdf)                    date: 2019-12-06 14:53:38
(epstopdf)                    size: 13868 bytes
(epstopdf)             Command: <epstopdf --outfile=Results/GPShist10mE-eps-con
verted-to.pdf Results/GPShist10mE.eps>
(epstopdf)             \includegraphics on input line 114.
Package epstopdf Info: Output file is already uptodate.


pdfTeX warning: pdflatex (file ./Results/GPShist10mE-eps-converted-to.pdf): PDF
 inclusion: found PDF version <1.7>, but at most version <1.5> allowed
<Results/GPShist10mE-eps-converted-to.pdf, id=854, 421.575pt x 316.18124pt>
File: Results/GPShist10mE-eps-converted-to.pdf Graphic file (type pdf)
<use Results/GPShist10mE-eps-converted-to.pdf>
Package pdftex.def Info: Results/GPShist10mE-eps-converted-to.pdf  used on inpu
t line 114.
(pdftex.def)             Requested size: 369.88583pt x 277.42018pt.
[36 <./Results/SimulationEstPos/noiseFree-eps-converted-to.pdf> <./Results/Simu
lationEstPos/clockB-eps-converted-to.pdf> <./Results/SimulationEstPos/satPos-ep
s-converted-to.pdf> <./Results/SimulationEstPos/Gaussian-eps-converted-to.pdf>]
[37 <./Results/satsInSky-eps-converted-to.pdf> <./Results/skyplot190411-1230.pn
g> <./Results/elev6H-eps-converted-to.pdf>]

LaTeX Warning: `!h' float specifier changed to `!ht'.


Overfull \hbox (10.3454pt too wide) in paragraph at lines 140--140
|[]\T1/qhv/b/n/14.4 Least square es-ti-ma-tor from raw ob-ser-va-tion data| 
 []

[38 <./Results/elevGNSSPlanning.jpg>] [39 <./Results/GPShist10mN-eps-converted-
to.pdf>] [40 <./Results/GPShist10mE-eps-converted-to.pdf>]
Package epstopdf Info: Source file: <Results/DistNED30MinNAllSat.eps>
(epstopdf)                    date: 2019-12-06 14:58:14
(epstopdf)                    size: 207971 bytes
(epstopdf)             Output file: <Results/DistNED30MinNAllSat-eps-converted-
to.pdf>
(epstopdf)                    date: 2019-12-06 14:59:27
(epstopdf)                    size: 75498 bytes
(epstopdf)             Command: <epstopdf --outfile=Results/DistNED30MinNAllSat
-eps-converted-to.pdf Results/DistNED30MinNAllSat.eps>
(epstopdf)             \includegraphics on input line 149.
Package epstopdf Info: Output file is already uptodate.


pdfTeX warning: pdflatex (file ./Results/DistNED30MinNAllSat-eps-converted-to.p
df): PDF inclusion: found PDF version <1.7>, but at most version <1.5> allowed
<Results/DistNED30MinNAllSat-eps-converted-to.pdf, id=929, 421.575pt x 316.1812
4pt>
File: Results/DistNED30MinNAllSat-eps-converted-to.pdf Graphic file (type pdf)
<use Results/DistNED30MinNAllSat-eps-converted-to.pdf>
Package pdftex.def Info: Results/DistNED30MinNAllSat-eps-converted-to.pdf  used
 on input line 149.
(pdftex.def)             Requested size: 369.88583pt x 277.42018pt.
Package epstopdf Info: Source file: <Results/DistNED30MinEAllSat.eps>
(epstopdf)                    date: 2019-12-06 14:56:19
(epstopdf)                    size: 937676 bytes
(epstopdf)             Output file: <Results/DistNED30MinEAllSat-eps-converted-
to.pdf>
(epstopdf)                    date: 2019-12-06 14:59:30
(epstopdf)                    size: 310158 bytes
(epstopdf)             Command: <epstopdf --outfile=Results/DistNED30MinEAllSat
-eps-converted-to.pdf Results/DistNED30MinEAllSat.eps>
(epstopdf)             \includegraphics on input line 150.
Package epstopdf Info: Output file is already uptodate.


pdfTeX warning: pdflatex (file ./Results/DistNED30MinEAllSat-eps-converted-to.p
df): PDF inclusion: found PDF version <1.7>, but at most version <1.5> allowed
<Results/DistNED30MinEAllSat-eps-converted-to.pdf, id=930, 421.575pt x 316.1812
4pt>
File: Results/DistNED30MinEAllSat-eps-converted-to.pdf Graphic file (type pdf)
<use Results/DistNED30MinEAllSat-eps-converted-to.pdf>
Package pdftex.def Info: Results/DistNED30MinEAllSat-eps-converted-to.pdf  used
 on input line 150.
(pdftex.def)             Requested size: 369.88583pt x 277.42018pt.
[41]
Overfull \vbox (29.23262pt too high) has occurred while \output is active []


[42 <./Results/DistNED30MinNAllSat-eps-converted-to.pdf> <./Results/DistNED30Mi
nEAllSat-eps-converted-to.pdf>]
Package epstopdf Info: Source file: <Results/DistNED30MinNSharedSat.eps>
(epstopdf)                    date: 2019-12-06 14:59:00
(epstopdf)                    size: 207303 bytes
(epstopdf)             Output file: <Results/DistNED30MinNSharedSat-eps-convert
ed-to.pdf>
(epstopdf)                    date: 2019-12-06 14:59:32
(epstopdf)                    size: 75577 bytes
(epstopdf)             Command: <epstopdf --outfile=Results/DistNED30MinNShared
Sat-eps-converted-to.pdf Results/DistNED30MinNSharedSat.eps>
(epstopdf)             \includegraphics on input line 195.
Package epstopdf Info: Output file is already uptodate.


pdfTeX warning: pdflatex (file ./Results/DistNED30MinNSharedSat-eps-converted-t
o.pdf): PDF inclusion: found PDF version <1.7>, but at most version <1.5> allow
ed
<Results/DistNED30MinNSharedSat-eps-converted-to.pdf, id=958, 421.575pt x 316.1
8124pt>
File: Results/DistNED30MinNSharedSat-eps-converted-to.pdf Graphic file (type pd
f)
<use Results/DistNED30MinNSharedSat-eps-converted-to.pdf>
Package pdftex.def Info: Results/DistNED30MinNSharedSat-eps-converted-to.pdf  u
sed on input line 195.
(pdftex.def)             Requested size: 369.88583pt x 277.42018pt.
Package epstopdf Info: Source file: <Results/DistNED30MinESharedSats.eps>
(epstopdf)                    date: 2019-12-06 14:57:28
(epstopdf)                    size: 938517 bytes
(epstopdf)             Output file: <Results/DistNED30MinESharedSats-eps-conver
ted-to.pdf>
(epstopdf)                    date: 2019-12-06 14:59:34
(epstopdf)                    size: 307188 bytes
(epstopdf)             Command: <epstopdf --outfile=Results/DistNED30MinEShared
Sats-eps-converted-to.pdf Results/DistNED30MinESharedSats.eps>
(epstopdf)             \includegraphics on input line 196.
Package epstopdf Info: Output file is already uptodate.


pdfTeX warning: pdflatex (file ./Results/DistNED30MinESharedSats-eps-converted-
to.pdf): PDF inclusion: found PDF version <1.7>, but at most version <1.5> allo
wed
<Results/DistNED30MinESharedSats-eps-converted-to.pdf, id=959, 421.575pt x 316.
18124pt>
File: Results/DistNED30MinESharedSats-eps-converted-to.pdf Graphic file (type p
df)
<use Results/DistNED30MinESharedSats-eps-converted-to.pdf>
Package pdftex.def Info: Results/DistNED30MinESharedSats-eps-converted-to.pdf  
used on input line 196.
(pdftex.def)             Requested size: 369.88583pt x 277.42018pt.
[43]
Overfull \vbox (14.00758pt too high) has occurred while \output is active []


[44 <./Results/DistNED30MinNSharedSat-eps-converted-to.pdf> <./Results/DistNED3
0MinESharedSats-eps-converted-to.pdf>]
Package epstopdf Info: Source file: <Results/histRel30MinN.eps>
(epstopdf)                    date: 2019-11-07 12:42:13
(epstopdf)                    size: 22873 bytes
(epstopdf)             Output file: <Results/histRel30MinN-eps-converted-to.pdf
>
(epstopdf)                    date: 2019-11-07 12:43:24
(epstopdf)                    size: 5428 bytes
(epstopdf)             Command: <epstopdf --outfile=Results/histRel30MinN-eps-c
onverted-to.pdf Results/histRel30MinN.eps>
(epstopdf)             \includegraphics on input line 203.
Package epstopdf Info: Output file is already uptodate.


pdfTeX warning: pdflatex (file ./Results/histRel30MinN-eps-converted-to.pdf): P
DF inclusion: found PDF version <1.7>, but at most version <1.5> allowed
<Results/histRel30MinN-eps-converted-to.pdf, id=982, 421.575pt x 316.18124pt>
File: Results/histRel30MinN-eps-converted-to.pdf Graphic file (type pdf)
<use Results/histRel30MinN-eps-converted-to.pdf>
Package pdftex.def Info: Results/histRel30MinN-eps-converted-to.pdf  used on in
put line 203.
(pdftex.def)             Requested size: 369.88583pt x 277.42018pt.
Package epstopdf Info: Source file: <Results/histRel30MinE.eps>
(epstopdf)                    date: 2019-11-07 12:40:26
(epstopdf)                    size: 23447 bytes
(epstopdf)             Output file: <Results/histRel30MinE-eps-converted-to.pdf
>
(epstopdf)                    date: 2019-11-07 12:43:24
(epstopdf)                    size: 5621 bytes
(epstopdf)             Command: <epstopdf --outfile=Results/histRel30MinE-eps-c
onverted-to.pdf Results/histRel30MinE.eps>
(epstopdf)             \includegraphics on input line 208.
Package epstopdf Info: Output file is already uptodate.


pdfTeX warning: pdflatex (file ./Results/histRel30MinE-eps-converted-to.pdf): P
DF inclusion: found PDF version <1.7>, but at most version <1.5> allowed
<Results/histRel30MinE-eps-converted-to.pdf, id=983, 421.575pt x 316.18124pt>
File: Results/histRel30MinE-eps-converted-to.pdf Graphic file (type pdf)
<use Results/histRel30MinE-eps-converted-to.pdf>
Package pdftex.def Info: Results/histRel30MinE-eps-converted-to.pdf  used on in
put line 208.
(pdftex.def)             Requested size: 369.88583pt x 277.42018pt.
Package epstopdf Info: Source file: <Results/Nhist.eps>
(epstopdf)                    date: 2019-12-06 19:03:19
(epstopdf)                    size: 33825 bytes
(epstopdf)             Output file: <Results/Nhist-eps-converted-to.pdf>
(epstopdf)                    date: 2019-12-06 19:06:05
(epstopdf)                    size: 8697 bytes
(epstopdf)             Command: <epstopdf --outfile=Results/Nhist-eps-converted
-to.pdf Results/Nhist.eps>
(epstopdf)             \includegraphics on input line 231.
Package epstopdf Info: Output file is already uptodate.


pdfTeX warning: pdflatex (file ./Results/Nhist-eps-converted-to.pdf): PDF inclu
sion: found PDF version <1.7>, but at most version <1.5> allowed
<Results/Nhist-eps-converted-to.pdf, id=993, 350.30875pt x 275.0275pt>
File: Results/Nhist-eps-converted-to.pdf Graphic file (type pdf)
<use Results/Nhist-eps-converted-to.pdf>
Package pdftex.def Info: Results/Nhist-eps-converted-to.pdf  used on input line
 231.
(pdftex.def)             Requested size: 369.88583pt x 290.41566pt.
Package epstopdf Info: Source file: <Results/Ehist.eps>
(epstopdf)                    date: 2019-12-06 19:04:42
(epstopdf)                    size: 30535 bytes
(epstopdf)             Output file: <Results/Ehist-eps-converted-to.pdf>
(epstopdf)                    date: 2019-12-06 19:06:07
(epstopdf)                    size: 8549 bytes
(epstopdf)             Command: <epstopdf --outfile=Results/Ehist-eps-converted
-to.pdf Results/Ehist.eps>
(epstopdf)             \includegraphics on input line 235.
Package epstopdf Info: Output file is already uptodate.


pdfTeX warning: pdflatex (file ./Results/Ehist-eps-converted-to.pdf): PDF inclu
sion: found PDF version <1.7>, but at most version <1.5> allowed
<Results/Ehist-eps-converted-to.pdf, id=994, 342.27875pt x 275.0275pt>
File: Results/Ehist-eps-converted-to.pdf Graphic file (type pdf)
<use Results/Ehist-eps-converted-to.pdf>
Package pdftex.def Info: Results/Ehist-eps-converted-to.pdf  used on input line
 235.
(pdftex.def)             Requested size: 369.88583pt x 297.2309pt.

Overfull \hbox (0.5264pt too wide) in paragraph at lines 239--239
|[]\T1/qhv/b/n/17.28 RMSE of rel-a-tive po-si-tion from global po-
 []

Package epstopdf Info: Source file: <Results/MSEplots/Nsim1.eps>
(epstopdf)                    date: 2019-11-25 10:05:34
(epstopdf)                    size: 92036 bytes
(epstopdf)             Output file: <Results/MSEplots/Nsim1-eps-converted-to.pd
f>
(epstopdf)                    date: 2019-11-25 10:18:40
(epstopdf)                    size: 23479 bytes
(epstopdf)             Command: <epstopdf --outfile=Results/MSEplots/Nsim1-eps-
converted-to.pdf Results/MSEplots/Nsim1.eps>
(epstopdf)             \includegraphics on input line 242.
Package epstopdf Info: Output file is already uptodate.


pdfTeX warning: pdflatex (file ./Results/MSEplots/Nsim1-eps-converted-to.pdf): 
PDF inclusion: found PDF version <1.7>, but at most version <1.5> allowed
<Results/MSEplots/Nsim1-eps-converted-to.pdf, id=998, 485.815pt x 298.11375pt>
File: Results/MSEplots/Nsim1-eps-converted-to.pdf Graphic file (type pdf)
<use Results/MSEplots/Nsim1-eps-converted-to.pdf>
Package pdftex.def Info: Results/MSEplots/Nsim1-eps-converted-to.pdf  used on i
nput line 242.
(pdftex.def)             Requested size: 369.88583pt x 226.97365pt.
Package epstopdf Info: Source file: <Results/MSEplots/Nsim10.eps>
(epstopdf)                    date: 2019-11-25 10:07:05
(epstopdf)                    size: 92060 bytes
(epstopdf)             Output file: <Results/MSEplots/Nsim10-eps-converted-to.p
df>
(epstopdf)                    date: 2019-11-25 10:18:42
(epstopdf)                    size: 23672 bytes
(epstopdf)             Command: <epstopdf --outfile=Results/MSEplots/Nsim10-eps
-converted-to.pdf Results/MSEplots/Nsim10.eps>
(epstopdf)             \includegraphics on input line 247.
Package epstopdf Info: Output file is already uptodate.


pdfTeX warning: pdflatex (file ./Results/MSEplots/Nsim10-eps-converted-to.pdf):
 PDF inclusion: found PDF version <1.7>, but at most version <1.5> allowed
<Results/MSEplots/Nsim10-eps-converted-to.pdf, id=999, 497.86pt x 298.11375pt>
File: Results/MSEplots/Nsim10-eps-converted-to.pdf Graphic file (type pdf)
<use Results/MSEplots/Nsim10-eps-converted-to.pdf>
Package pdftex.def Info: Results/MSEplots/Nsim10-eps-converted-to.pdf  used on 
input line 247.
(pdftex.def)             Requested size: 369.88583pt x 221.48775pt.
Package epstopdf Info: Source file: <Results/MSEplots/Nsim20.eps>
(epstopdf)                    date: 2019-11-25 10:09:30
(epstopdf)                    size: 92062 bytes
(epstopdf)             Output file: <Results/MSEplots/Nsim20-eps-converted-to.p
df>
(epstopdf)                    date: 2019-11-25 10:18:43
(epstopdf)                    size: 23496 bytes
(epstopdf)             Command: <epstopdf --outfile=Results/MSEplots/Nsim20-eps
-converted-to.pdf Results/MSEplots/Nsim20.eps>
(epstopdf)             \includegraphics on input line 252.
Package epstopdf Info: Output file is already uptodate.


pdfTeX warning: pdflatex (file ./Results/MSEplots/Nsim20-eps-converted-to.pdf):
 PDF inclusion: found PDF version <1.7>, but at most version <1.5> allowed
<Results/MSEplots/Nsim20-eps-converted-to.pdf, id=1000, 497.86pt x 298.11375pt>

File: Results/MSEplots/Nsim20-eps-converted-to.pdf Graphic file (type pdf)
<use Results/MSEplots/Nsim20-eps-converted-to.pdf>
Package pdftex.def Info: Results/MSEplots/Nsim20-eps-converted-to.pdf  used on 
input line 252.
(pdftex.def)             Requested size: 369.88583pt x 221.48775pt.
[45 <./Results/histRel30MinN-eps-converted-to.pdf>] [46 <./Results/histRel30Min
E-eps-converted-to.pdf>] [47 <./Results/Nhist-eps-converted-to.pdf>]
Package epstopdf Info: Source file: <Results/MSEplots/Nobs.eps>
(epstopdf)                    date: 2019-12-06 11:02:03
(epstopdf)                    size: 594975 bytes
(epstopdf)             Output file: <Results/MSEplots/Nobs-eps-converted-to.pdf
>
(epstopdf)                    date: 2019-12-06 11:02:45
(epstopdf)                    size: 114188 bytes
(epstopdf)             Command: <epstopdf --outfile=Results/MSEplots/Nobs-eps-c
onverted-to.pdf Results/MSEplots/Nobs.eps>
(epstopdf)             \includegraphics on input line 260.
Package epstopdf Info: Output file is already uptodate.


pdfTeX warning: pdflatex (file ./Results/MSEplots/Nobs-eps-converted-to.pdf): P
DF inclusion: found PDF version <1.7>, but at most version <1.5> allowed
<Results/MSEplots/Nobs-eps-converted-to.pdf, id=1032, 421.575pt x 316.18124pt>
File: Results/MSEplots/Nobs-eps-converted-to.pdf Graphic file (type pdf)
<use Results/MSEplots/Nobs-eps-converted-to.pdf>
Package pdftex.def Info: Results/MSEplots/Nobs-eps-converted-to.pdf  used on in
put line 260.
(pdftex.def)             Requested size: 369.88583pt x 277.42018pt.
Package epstopdf Info: Source file: <Results/MSEplots/Eobs.eps>
(epstopdf)                    date: 2019-12-06 11:02:16
(epstopdf)                    size: 631813 bytes
(epstopdf)             Output file: <Results/MSEplots/Eobs-eps-converted-to.pdf
>
(epstopdf)                    date: 2019-12-06 11:02:47
(epstopdf)                    size: 114999 bytes
(epstopdf)             Command: <epstopdf --outfile=Results/MSEplots/Eobs-eps-c
onverted-to.pdf Results/MSEplots/Eobs.eps>
(epstopdf)             \includegraphics on input line 265.
Package epstopdf Info: Output file is already uptodate.


pdfTeX warning: pdflatex (file ./Results/MSEplots/Eobs-eps-converted-to.pdf): P
DF inclusion: found PDF version <1.7>, but at most version <1.5> allowed
<Results/MSEplots/Eobs-eps-converted-to.pdf, id=1033, 421.575pt x 316.18124pt>
File: Results/MSEplots/Eobs-eps-converted-to.pdf Graphic file (type pdf)
<use Results/MSEplots/Eobs-eps-converted-to.pdf>
Package pdftex.def Info: Results/MSEplots/Eobs-eps-converted-to.pdf  used on in
put line 265.
(pdftex.def)             Requested size: 369.88583pt x 277.42018pt.
[48 <./Results/Ehist-eps-converted-to.pdf>] [49 <./Results/MSEplots/Nsim1-eps-c
onverted-to.pdf> <./Results/MSEplots/Nsim10-eps-converted-to.pdf>]
Package epstopdf Info: Source file: <Results/DOP_N.eps>
(epstopdf)                    date: 2019-12-06 11:41:09
(epstopdf)                    size: 1222217 bytes
(epstopdf)             Output file: <Results/DOP_N-eps-converted-to.pdf>
(epstopdf)                    date: 2019-12-06 13:13:32
(epstopdf)                    size: 353814 bytes
(epstopdf)             Command: <epstopdf --outfile=Results/DOP_N-eps-converted
-to.pdf Results/DOP_N.eps>
(epstopdf)             \includegraphics on input line 320.
Package epstopdf Info: Output file is already uptodate.


pdfTeX warning: pdflatex (file ./Results/DOP_N-eps-converted-to.pdf): PDF inclu
sion: found PDF version <1.7>, but at most version <1.5> allowed
<Results/DOP_N-eps-converted-to.pdf, id=1072, 346.29375pt x 288.07625pt>
File: Results/DOP_N-eps-converted-to.pdf Graphic file (type pdf)
<use Results/DOP_N-eps-converted-to.pdf>
Package pdftex.def Info: Results/DOP_N-eps-converted-to.pdf  used on input line
 320.
(pdftex.def)             Requested size: 369.88583pt x 307.71104pt.
Package epstopdf Info: Source file: <Results/DOP_E.eps>
(epstopdf)                    date: 2019-12-06 11:26:04
(epstopdf)                    size: 1227556 bytes
(epstopdf)             Output file: <Results/DOP_E-eps-converted-to.pdf>
(epstopdf)                    date: 2019-12-06 11:26:53
(epstopdf)                    size: 283547 bytes
(epstopdf)             Command: <epstopdf --outfile=Results/DOP_E-eps-converted
-to.pdf Results/DOP_E.eps>
(epstopdf)             \includegraphics on input line 324.
Package epstopdf Info: Output file is already uptodate.


pdfTeX warning: pdflatex (file ./Results/DOP_E-eps-converted-to.pdf): PDF inclu
sion: found PDF version <1.7>, but at most version <1.5> allowed
<Results/DOP_E-eps-converted-to.pdf, id=1073, 421.575pt x 316.18124pt>
File: Results/DOP_E-eps-converted-to.pdf Graphic file (type pdf)
<use Results/DOP_E-eps-converted-to.pdf>
Package pdftex.def Info: Results/DOP_E-eps-converted-to.pdf  used on input line
 324.
(pdftex.def)             Requested size: 369.88583pt x 277.42018pt.
[50 <./Results/MSEplots/Nsim20-eps-converted-to.pdf>]
Package epstopdf Info: Source file: <Results/DDDOPN.eps>
(epstopdf)                    date: 2019-12-06 11:05:34
(epstopdf)                    size: 470864 bytes
(epstopdf)             Output file: <Results/DDDOPN-eps-converted-to.pdf>
(epstopdf)                    date: 2019-12-06 13:14:13
(epstopdf)                    size: 138163 bytes
(epstopdf)             Command: <epstopdf --outfile=Results/DDDOPN-eps-converte
d-to.pdf Results/DDDOPN.eps>
(epstopdf)             \includegraphics on input line 331.
Package epstopdf Info: Output file is already uptodate.


pdfTeX warning: pdflatex (file ./Results/DDDOPN-eps-converted-to.pdf): PDF incl
usion: found PDF version <1.7>, but at most version <1.5> allowed
<Results/DDDOPN-eps-converted-to.pdf, id=1091, 421.575pt x 316.18124pt>
File: Results/DDDOPN-eps-converted-to.pdf Graphic file (type pdf)
<use Results/DDDOPN-eps-converted-to.pdf>
Package pdftex.def Info: Results/DDDOPN-eps-converted-to.pdf  used on input lin
e 331.
(pdftex.def)             Requested size: 295.90979pt x 221.93806pt.
Package epstopdf Info: Source file: <Results/DDDOPE.eps>
(epstopdf)                    date: 2019-12-06 11:05:16
(epstopdf)                    size: 472178 bytes
(epstopdf)             Output file: <Results/DDDOPE-eps-converted-to.pdf>
(epstopdf)                    date: 2019-12-06 13:14:15
(epstopdf)                    size: 135488 bytes
(epstopdf)             Command: <epstopdf --outfile=Results/DDDOPE-eps-converte
d-to.pdf Results/DDDOPE.eps>
(epstopdf)             \includegraphics on input line 335.
Package epstopdf Info: Output file is already uptodate.


pdfTeX warning: pdflatex (file ./Results/DDDOPE-eps-converted-to.pdf): PDF incl
usion: found PDF version <1.7>, but at most version <1.5> allowed
<Results/DDDOPE-eps-converted-to.pdf, id=1092, 421.575pt x 316.18124pt>
File: Results/DDDOPE-eps-converted-to.pdf Graphic file (type pdf)
<use Results/DDDOPE-eps-converted-to.pdf>
Package pdftex.def Info: Results/DDDOPE-eps-converted-to.pdf  used on input lin
e 335.
(pdftex.def)             Requested size: 295.90979pt x 221.93806pt.
) (Discussion/discussion.tex [51 <./Results/MSEplots/Nobs-eps-converted-to.pdf>
] [52 <./Results/MSEplots/Eobs-eps-converted-to.pdf>] [53 <./Results/DOP_N-eps-
converted-to.pdf>] [54 <./Results/DOP_E-eps-converted-to.pdf> <./Results/DDDOPN
-eps-converted-to.pdf>] [55 <./Results/DDDOPE-eps-converted-to.pdf>]
Chapter 5.
[56

]
Overfull \hbox (7.97739pt too wide) in paragraph at lines 18--19
\T1/qtm/m/n/12 The method should also be im-ple-mented for real-time use, as th
e post-processing
 []

) (Appendix/appendix.tex [57]
Appendix A.
[58

pdfTeX warning (ext4): destination with the same identifier (name{equation.A.1.
1}) has been already used, duplicate ignored

\AtBegShi@Output ...ipout \box \AtBeginShipoutBox 
                                                  \fi \fi 
l.31 \begin{align}
                  		] [59]
Overfull \hbox (0.69203pt too wide) in paragraph at lines 57--58
[]\T1/qcr/m/n/12 eph_t \T1/qtm/m/n/12 - Satel-lite ephemeris data, con-tains in
-for-ma-tion on satel-lite num-
 []


Overfull \hbox (11.714pt too wide) in paragraph at lines 59--63
\T1/qcr/m/n/12 #obs, time1, time2,[satNo, SNR, LLI, code, P],[satNo,
 []


Overfull \hbox (32.11417pt too wide) in paragraph at lines 59--63
\T1/qtm/m/n/12 2,1562426103,0.391000,22,112,2,1,21772765.735608,41,76,0,1,20961
030.484006, 
 []

) (Appendix/appendixB.tex [60]pdfTeX warning (ext4): destination with the same 
identifier (name{appendix.A}) has been already used, duplicate ignored
<to be read again> 
                   \relax 
l.2 \chapter{}
              
Appendix A.
)
Package atveryend Info: Empty hook `BeforeClearDocument' on input line 67.
 [61

]
Package atveryend Info: Empty hook `AfterLastShipout' on input line 67.
 (Thesis.aux)
Package atveryend Info: Executing hook `AtVeryEndDocument' on input line 67.
Package atveryend Info: Executing hook `AtEndAfterFileList' on input line 67.


Package rerunfilecheck Warning: File `Thesis.out' has changed.
(rerunfilecheck)                Rerun to get outlines right
(rerunfilecheck)                or use package `bookmark'.

Package rerunfilecheck Info: Checksums for `Thesis.out':
(rerunfilecheck)             Before: 868DE73442CBA35B1EB5136EC5C9E426;4883
(rerunfilecheck)             After:  FD74082A12BC8B25BF36EF75F1C37162;4953.

LaTeX Font Warning: Some font shapes were not available, defaults substituted.

Package logreq Info: Writing requests to 'Thesis.run.xml'.
\openout1 = `Thesis.run.xml'.

Package atveryend Info: Empty hook `AtVeryVeryEnd' on input line 67.
 ) 
Here is how much of TeX's memory you used:
 20101 strings out of 492450
 340788 string characters out of 3129748
 853293 words of memory out of 3000000
 23708 multiletter control sequences out of 15000+200000
 65484 words of font info for 63 fonts, out of 3000000 for 9000
 1141 hyphenation exceptions out of 8191
 48i,19n,49p,1903b,3577s stack positions out of 5000i,500n,10000p,200000b,50000s
pdfTeX warning (dest): name{cite.0@moser1996linear} has been referenced but d
oes not exist, replaced by a fixed one

pdfTeX warning (dest): name{cite.0@GDOPbelow6} has been referenced but does not
 exist, replaced by a fixed one

pdfTeX warning (dest): name{cite.0@langley1999dilution} has been referenced but
 does not exist, replaced by a fixed one

pdfTeX warning (dest): name{cite.0@tatarnikov2014approaching} has been referenc
ed but does not exist, replaced by a fixed one

pdfTeX warning (dest): name{cite.0@tahsin2015analysis} has been referenced but 
does not exist, replaced by a fixed one

pdfTeX warning (dest): name{cite.0@blewitt1997basics} has been referenced but d
oes not exist, replaced by a fixed one

pdfTeX warning (dest): name{cite.0@Brunner1999} has been referenced but does no
t exist, replaced by a fixed one

pdfTeX warning (dest): name{cite.0@dunn2012global} has been referenced but does
 not exist, replaced by a fixed one

pdfTeX warning (dest): name{cite.0@satPos} has been referenced but does not exi
st, replaced by a fixed one

pdfTeX warning (dest): name{cite.0@Karaim2018Chapter4G} has been referenced but
 does not exist, replaced by a fixed one

pdfTeX warning (dest): name{cite.0@williams2017tropospheric} has been reference
d but does not exist, replaced by a fixed one

pdfTeX warning (dest): name{cite.0@IonoNoise} has been referenced but does not 
exist, replaced by a fixed one

pdfTeX warning (dest): name{cite.0@6748618} has been referenced but does not ex
ist, replaced by a fixed one

pdfTeX warning (dest): name{cite.0@feng2008gps} has been referenced but does no
t exist, replaced by a fixed one

pdfTeX warning (dest): name{cite.0@monteiro2005accuracy} has been referenced bu
t does not exist, replaced by a fixed one

pdfTeX warning (dest): name{cite.0@farrell1999global} has been referenced but d
oes not exist, replaced by a fixed one

pdfTeX warning (dest): name{cite.0@posAccuracyEnvironment} has been referenced 
but does not exist, replaced by a fixed one

pdfTeX warning (dest): name{cite.0@BLUE} has been referenced but does not exist
, replaced by a fixed one

pdfTeX warning (dest): name{cite.0@Patrik2019} has been referenced but does not
 exist, replaced by a fixed one

pdfTeX warning (dest): name{cite.0@garcianoglobal} has been referenced but does
 not exist, replaced by a fixed one

pdfTeX warning (dest): name{cite.0@posAccuracy} has been referenced but does no
t exist, replaced by a fixed one

pdfTeX warning (dest): name{cite.0@Jeffrey} has been referenced but does not ex
ist, replaced by a fixed one

pdfTeX warning (dest): name{cite.0@soop1994handbook} has been referenced but do
es not exist, replaced by a fixed one

{C:/Users/kalle/AppData/Roaming/MiKTeX/2.9/fonts/enc/dvips/tex-gyre/q-ec.enc}<C
:/Program Files/MiKTeX 2.9/fonts/type1/public/amsfonts/cm/cmbx12.pfb><C:/Progra
m Files/MiKTeX 2.9/fonts/type1/public/amsfonts/cm/cmbx6.pfb><C:/Program Files/M
iKTeX 2.9/fonts/type1/public/amsfonts/cm/cmbx8.pfb><C:/Program Files/MiKTeX 2.9
/fonts/type1/public/amsfonts/cm/cmex10.pfb><C:/Program Files/MiKTeX 2.9/fonts/t
ype1/public/amsfonts/cm/cmmi12.pfb><C:/Program Files/MiKTeX 2.9/fonts/type1/pub
lic/amsfonts/cm/cmmi6.pfb><C:/Program Files/MiKTeX 2.9/fonts/type1/public/amsfo
nts/cm/cmmi8.pfb><C:/Program Files/MiKTeX 2.9/fonts/type1/public/amsfonts/cm/cm
mib10.pfb><C:/Program Files/MiKTeX 2.9/fonts/type1/public/amsfonts/cmextra/cmmi
b8.pfb><C:/Program Files/MiKTeX 2.9/fonts/type1/public/amsfonts/cm/cmr12.pfb><C
:/Program Files/MiKTeX 2.9/fonts/type1/public/amsfonts/cm/cmr6.pfb><C:/Program 
Files/MiKTeX 2.9/fonts/type1/public/amsfonts/cm/cmr8.pfb><C:/Program Files/MiKT
eX 2.9/fonts/type1/public/amsfonts/cm/cmsy10.pfb><C:/Program Files/MiKTeX 2.9/f
onts/type1/public/amsfonts/cm/cmsy8.pfb><C:/Users/kalle/AppData/Roaming/MiKTeX/
2.9/fonts/type1/arphic/gbsnu/gbsnu53.pfb><C:/Users/kalle/AppData/Roaming/MiKTeX
/2.9/fonts/type1/arphic/gbsnu/gbsnu65.pfb><C:/Users/kalle/AppData/Roaming/MiKTe
X/2.9/fonts/type1/public/tex-gyre/qcrr.pfb><C:/Users/kalle/AppData/Roaming/MiKT
eX/2.9/fonts/type1/public/tex-gyre/qhvb.pfb><C:/Users/kalle/AppData/Roaming/MiK
TeX/2.9/fonts/type1/public/tex-gyre/qhvr.pfb><C:/Users/kalle/AppData/Roaming/Mi
KTeX/2.9/fonts/type1/public/tex-gyre/qtmb.pfb><C:/Users/kalle/AppData/Roaming/M
iKTeX/2.9/fonts/type1/public/tex-gyre/qtmr.pfb>
Output written on Thesis.pdf (69 pages, 4870518 bytes).
PDF statistics:
 1340 PDF objects out of 1440 (max. 8388607)
 297 named destinations out of 1000 (max. 500000)
 715 words of extra memory for PDF output out of 10000 (max. 10000000)

